2024-12-06 16:47:44 - INFO - 开始扫描CAN节点
2024-12-06 16:47:44 - INFO - 节点扫描完成
2024-12-06 16:47:56 - INFO - 开始扫描CAN节点
2024-12-06 16:47:56 - INFO - 节点扫描完成
2024-12-06 16:47:56 - INFO - 开始扫描CAN节点
2024-12-06 16:47:56 - INFO - 节点扫描完成
2024-12-06 16:50:36 - INFO - 开始扫描CAN节点
2024-12-06 16:50:36 - INFO - 节点扫描完成
2024-12-06 16:50:36 - INFO - 开始扫描CAN节点
2024-12-06 16:50:36 - INFO - 节点扫描完成
2024-12-06 16:50:38 - INFO - 开始扫描CAN节点
2024-12-06 16:50:38 - INFO - 节点扫描完成
2024-12-06 16:50:38 - INFO - 开始扫描CAN节点
2024-12-06 16:50:38 - INFO - 节点扫描完成
2024-12-06 16:50:50 - INFO - 开始监控CAN总线 - 接口: COM6, 波特率: 500000
2024-12-06 16:50:52 - INFO - 接收: ID=0x501, 数据=01 00 00 00 00 00 00 00
2024-12-06 16:50:52 - INFO - 接收: ID=0x705, 数据=05
2024-12-06 16:50:52 - INFO - 接收: ID=0x406, 数据=C0 00 60 60 3A 00 E3 00
2024-12-06 16:50:52 - INFO - 接收: ID=0x502, 数据=D7 FF 00 00 00 00 00 00
2024-12-06 16:50:52 - INFO - 接收: ID=0x704, 数据=05
2024-12-06 16:50:52 - INFO - 接收: ID=0x703, 数据=05
2024-12-06 16:50:53 - INFO - 接收: ID=0x506, 数据=07 00 00 00 00 00 00 00
2024-12-06 16:50:53 - INFO - 接收: ID=0x505, 数据=D3 FF 00 00 00 00 00 00
2024-12-06 16:50:53 - INFO - 接收: ID=0x503, 数据=FE FF 00 00 00 00 00 00
2024-12-06 16:50:53 - INFO - 接收: ID=0x508, 数据=E0 FF 00 00 00 00 00 00
2024-12-06 16:50:53 - INFO - 接收: ID=0x407, 数据=C0 00 BD 61 33 00 E2 00
2024-12-06 16:50:53 - INFO - 接收: ID=0x408, 数据=C0 00 1C 61 32 00 E4 00
2024-12-06 16:50:53 - INFO - 接收: ID=0x403, 数据=C0 00 FD 5F 30 00 E0 00
2024-12-06 16:50:53 - INFO - 接收: ID=0x706, 数据=05
2024-12-06 16:50:53 - INFO - 接收: ID=0x401, 数据=C0 00 DD 60 44 00 DC 00
2024-12-06 16:50:53 - INFO - 接收: ID=0x504, 数据=00 00 00 00 00 00 00 00
2024-12-06 16:50:53 - INFO - 接收: ID=0x707, 数据=05
2024-12-06 16:50:53 - INFO - 接收: ID=0x70E, 数据=05
2024-12-06 16:50:53 - INFO - 接收: ID=0x701, 数据=05
2024-12-06 16:50:53 - INFO - 接收: ID=0x507, 数据=FF FF 00 00 00 00 00 00
2024-12-06 16:50:53 - INFO - 接收: ID=0x702, 数据=05
2024-12-06 16:50:53 - INFO - 接收: ID=0x402, 数据=C0 00 05 62 34 00 E4 00
2024-12-06 16:50:53 - INFO - 接收: ID=0x750, 数据=05
2024-12-06 16:50:53 - INFO - 接收: ID=0x501, 数据=01 00 00 00 00 00 00 00
2024-12-06 16:50:53 - INFO - 接收: ID=0x405, 数据=C0 00 13 61 32 00 E4 00
2024-12-06 16:50:53 - INFO - 接收: ID=0x404, 数据=C0 00 7E 61 32 00 DF 00
2024-12-06 16:50:53 - INFO - 接收: ID=0x502, 数据=D7 FF 00 00 00 00 00 00
2024-12-06 16:50:53 - INFO - 接收: ID=0x703, 数据=05
2024-12-06 16:50:53 - INFO - 接收: ID=0x406, 数据=C0 00 60 60 3B 00 E3 00
2024-12-06 16:50:53 - INFO - 接收: ID=0x503, 数据=FE FF 00 00 00 00 00 00
2024-12-06 16:50:53 - INFO - 接收: ID=0x704, 数据=05
2024-12-06 16:50:53 - INFO - 接收: ID=0x708, 数据=05
2024-12-06 16:50:53 - INFO - 接收: ID=0x407, 数据=C0 00 A2 61 32 00 E2 00
2024-12-06 16:50:53 - INFO - 接收: ID=0x705, 数据=05
2024-12-06 16:50:53 - INFO - 接收: ID=0x506, 数据=07 00 00 00 00 00 00 00
2024-12-06 16:50:53 - INFO - 接收: ID=0x403, 数据=C0 00 FD 5F 30 00 E0 00
2024-12-06 16:50:53 - INFO - 接收: ID=0x401, 数据=C0 00 DD 60 44 00 DC 00
2024-12-06 16:50:53 - INFO - 接收: ID=0x707, 数据=05
2024-12-06 16:50:53 - INFO - 接收: ID=0x706, 数据=05
2024-12-06 16:50:53 - INFO - 接收: ID=0x701, 数据=05
2024-12-06 16:50:53 - INFO - 接收: ID=0x702, 数据=05
2024-12-06 16:50:53 - INFO - 接收: ID=0x507, 数据=FF FF 00 00 00 00 00 00
2024-12-06 16:50:53 - INFO - 接收: ID=0x402, 数据=C0 00 05 62 34 00 E4 00
2024-12-06 16:50:53 - INFO - 接收: ID=0x505, 数据=D3 FF 00 00 00 00 00 00
2024-12-06 16:50:53 - INFO - 接收: ID=0x501, 数据=01 00 00 00 00 00 00 00
2024-12-06 16:50:53 - INFO - 接收: ID=0x504, 数据=00 00 00 00 00 00 00 00
2024-12-06 16:50:53 - INFO - 接收: ID=0x502, 数据=D7 FF 00 00 00 00 00 00
2024-12-06 16:50:53 - INFO - 接收: ID=0x703, 数据=05
2024-12-06 16:50:53 - INFO - 接收: ID=0x508, 数据=E0 FF 00 00 00 00 00 00
2024-12-06 16:50:54 - INFO - 接收: ID=0x404, 数据=C0 00 7F 61 32 00 DF 00
2024-12-06 16:50:54 - INFO - 接收: ID=0x408, 数据=C0 00 35 61 32 00 E4 00
2024-12-06 16:50:54 - INFO - 接收: ID=0x405, 数据=C0 00 13 61 30 00 E4 00
2024-12-06 16:50:54 - INFO - 接收: ID=0x406, 数据=C0 00 60 60 3B 00 E3 00
2024-12-06 16:50:54 - INFO - 接收: ID=0x503, 数据=FE FF 00 00 00 00 00 00
2024-12-06 16:50:54 - INFO - 接收: ID=0x407, 数据=C0 00 AB 61 32 00 E2 00
2024-12-06 16:50:54 - INFO - 接收: ID=0x403, 数据=C0 00 FD 5F 32 00 E0 00
2024-12-06 16:50:54 - INFO - 接收: ID=0x401, 数据=C0 00 DD 60 44 00 DC 00
2024-12-06 16:50:54 - INFO - 接收: ID=0x707, 数据=05
2024-12-06 16:50:54 - INFO - 接收: ID=0x506, 数据=07 00 00 00 00 00 00 00
2024-12-06 16:50:54 - INFO - 接收: ID=0x704, 数据=05
2024-12-06 16:50:54 - INFO - 接收: ID=0x701, 数据=05
2024-12-06 16:50:54 - INFO - 接收: ID=0x702, 数据=05
2024-12-06 16:50:54 - INFO - 接收: ID=0x507, 数据=FF FF 00 00 00 00 00 00
2024-12-06 16:50:54 - INFO - 接收: ID=0x402, 数据=C0 00 05 62 34 00 E4 00
2024-12-06 16:50:54 - INFO - 接收: ID=0x750, 数据=05
2024-12-06 16:50:54 - INFO - 接收: ID=0x705, 数据=05
2024-12-06 16:50:54 - INFO - 接收: ID=0x501, 数据=01 00 00 00 00 00 00 00
2024-12-06 16:50:54 - INFO - 接收: ID=0x706, 数据=05
2024-12-06 16:50:54 - INFO - 接收: ID=0x502, 数据=D7 FF 00 00 00 00 00 00
2024-12-06 16:50:54 - INFO - 接收: ID=0x703, 数据=05
2024-12-06 16:50:54 - INFO - 接收: ID=0x504, 数据=00 00 00 00 00 00 00 00
2024-12-06 16:50:54 - INFO - 接收: ID=0x708, 数据=05
2024-12-06 16:50:54 - INFO - 接收: ID=0x505, 数据=D3 FF 00 00 00 00 00 00
2024-12-06 16:50:54 - INFO - 接收: ID=0x503, 数据=FE FF 00 00 00 00 00 00
2024-12-06 16:50:54 - INFO - 接收: ID=0x407, 数据=C0 00 A2 61 32 00 E2 00
2024-12-06 16:50:54 - INFO - 接收: ID=0x406, 数据=C0 00 60 60 3B 00 E3 00
2024-12-06 16:50:54 - INFO - 接收: ID=0x403, 数据=C0 00 FD 5F 32 00 E0 00
2024-12-06 16:50:54 - INFO - 接收: ID=0x404, 数据=C0 00 7E 61 30 00 DF 00
2024-12-06 16:50:54 - INFO - 接收: ID=0x401, 数据=C0 00 DD 60 44 00 DC 00
2024-12-06 16:50:54 - INFO - 接收: ID=0x707, 数据=05
2024-12-06 16:50:54 - INFO - 接收: ID=0x701, 数据=05
2024-12-06 16:50:54 - INFO - 接收: ID=0x702, 数据=05
2024-12-06 16:50:54 - INFO - 接收: ID=0x507, 数据=FF FF 00 00 00 00 00 00
2024-12-06 16:50:54 - INFO - 接收: ID=0x402, 数据=C0 00 0C 62 34 00 E4 00
2024-12-06 16:50:54 - INFO - 接收: ID=0x405, 数据=C0 00 1E 61 32 00 E4 00
2024-12-06 16:50:54 - INFO - 接收: ID=0x506, 数据=07 00 00 00 00 00 00 00
2024-12-06 16:50:54 - INFO - 接收: ID=0x501, 数据=01 00 00 00 00 00 00 00
2024-12-06 16:50:54 - INFO - 接收: ID=0x704, 数据=05
2024-12-06 16:50:54 - INFO - 接收: ID=0x508, 数据=E0 FF 00 00 00 00 00 00
2024-12-06 16:50:54 - INFO - 接收: ID=0x502, 数据=D7 FF 00 00 00 00 00 00
2024-12-06 16:50:54 - INFO - 接收: ID=0x706, 数据=05
2024-12-06 16:50:54 - INFO - 接收: ID=0x408, 数据=C0 00 1E 61 30 00 E4 00
2024-12-06 16:50:54 - INFO - 接收: ID=0x703, 数据=05
2024-12-06 16:50:55 - INFO - 接收: ID=0x705, 数据=05
2024-12-06 16:50:55 - INFO - 接收: ID=0x503, 数据=FE FF 00 00 00 00 00 00
2024-12-06 16:50:55 - INFO - 接收: ID=0x407, 数据=C0 00 A2 61 32 00 E2 00
2024-12-06 16:50:55 - INFO - 接收: ID=0x504, 数据=00 00 00 00 00 00 00 00
2024-12-06 16:50:55 - INFO - 接收: ID=0x403, 数据=C0 00 FD 5F 30 00 E0 00
2024-12-06 16:50:55 - INFO - 接收: ID=0x401, 数据=C0 00 DD 60 44 00 DC 00
2024-12-06 16:50:55 - INFO - 接收: ID=0x707, 数据=05
2024-12-06 16:50:55 - INFO - 接收: ID=0x505, 数据=D3 FF 00 00 00 00 00 00
2024-12-06 16:50:55 - INFO - 接收: ID=0x406, 数据=C0 00 60 60 3B 00 E3 00
2024-12-06 16:50:55 - INFO - 接收: ID=0x701, 数据=05
2024-12-06 16:50:55 - INFO - 接收: ID=0x702, 数据=05
2024-12-06 16:50:55 - INFO - 接收: ID=0x507, 数据=FF FF 00 00 00 00 00 00
2024-12-06 16:50:55 - INFO - 接收: ID=0x402, 数据=C0 00 05 62 34 00 E4 00
2024-12-06 16:50:55 - INFO - 接收: ID=0x750, 数据=05
2024-12-06 16:50:55 - INFO - 接收: ID=0x501, 数据=01 00 00 00 00 00 00 00
2024-12-06 16:50:55 - INFO - 接收: ID=0x404, 数据=C0 00 7E 61 32 00 DF 00
2024-12-06 16:50:55 - INFO - 接收: ID=0x506, 数据=07 00 00 00 00 00 00 00
2024-12-06 16:50:55 - INFO - 接收: ID=0x708, 数据=05
2024-12-06 16:50:55 - INFO - 接收: ID=0x502, 数据=D7 FF 00 00 00 00 00 00
2024-12-06 16:50:55 - INFO - 接收: ID=0x703, 数据=05
2024-12-06 16:50:55 - INFO - 接收: ID=0x405, 数据=C0 00 13 61 32 00 E4 00
2024-12-06 16:50:55 - INFO - 接收: ID=0x706, 数据=05
2024-12-06 16:50:55 - INFO - 接收: ID=0x704, 数据=05
2024-12-06 16:50:55 - INFO - 接收: ID=0x503, 数据=FE FF 00 00 00 00 00 00
2024-12-06 16:50:55 - INFO - 接收: ID=0x407, 数据=C0 00 A2 61 32 00 E2 00
2024-12-06 16:50:55 - INFO - 接收: ID=0x403, 数据=C0 00 FC 5F 32 00 E0 00
2024-12-06 16:50:55 - INFO - 接收: ID=0x401, 数据=C0 00 DB 60 44 00 DC 00
2024-12-06 16:50:55 - INFO - 接收: ID=0x707, 数据=05
2024-12-06 16:50:55 - INFO - 接收: ID=0x701, 数据=05
2024-12-06 16:50:55 - INFO - 接收: ID=0x705, 数据=05
2024-12-06 16:50:55 - INFO - 接收: ID=0x702, 数据=05
2024-12-06 16:50:55 - INFO - 接收: ID=0x507, 数据=FF FF 00 00 00 00 00 00
2024-12-06 16:50:55 - INFO - 接收: ID=0x402, 数据=C0 00 05 62 34 00 E4 00
2024-12-06 16:50:55 - INFO - 接收: ID=0x504, 数据=00 00 00 00 00 00 00 00
2024-12-06 16:50:55 - INFO - 接收: ID=0x508, 数据=E0 FF 00 00 00 00 00 00
2024-12-06 16:50:55 - INFO - 接收: ID=0x406, 数据=C0 00 60 60 3B 00 E3 00
2024-12-06 16:50:55 - INFO - 接收: ID=0x70D, 数据=05
2024-12-06 16:50:55 - INFO - 接收: ID=0x501, 数据=01 00 00 00 00 00 00 00
2024-12-06 16:50:55 - INFO - 接收: ID=0x408, 数据=C0 00 1B 61 32 00 E4 00
2024-12-06 16:50:55 - INFO - 接收: ID=0x502, 数据=D7 FF 00 00 00 00 00 00
2024-12-06 16:50:55 - INFO - 接收: ID=0x505, 数据=D3 FF 00 00 00 00 00 00
2024-12-06 16:50:55 - INFO - 接收: ID=0x506, 数据=07 00 00 00 00 00 00 00
2024-12-06 16:50:55 - INFO - 接收: ID=0x703, 数据=05
2024-12-06 16:50:55 - INFO - 接收: ID=0x404, 数据=C0 00 7E 61 32 00 DF 00
2024-12-06 16:50:56 - INFO - 接收: ID=0x503, 数据=FE FF 00 00 00 00 00 00
2024-12-06 16:50:56 - INFO - 接收: ID=0x706, 数据=05
2024-12-06 16:50:56 - INFO - 接收: ID=0x407, 数据=C0 00 A2 61 32 00 E2 00
2024-12-06 16:50:56 - INFO - 接收: ID=0x403, 数据=C0 00 FD 5F 30 00 E0 00
2024-12-06 16:50:56 - INFO - 接收: ID=0x704, 数据=05
2024-12-06 16:50:56 - INFO - 接收: ID=0x401, 数据=C0 00 DD 60 44 00 DC 00
2024-12-06 16:50:56 - INFO - 接收: ID=0x707, 数据=05
2024-12-06 16:50:56 - INFO - 接收: ID=0x405, 数据=C0 00 13 61 32 00 E4 00
2024-12-06 16:50:56 - INFO - 接收: ID=0x701, 数据=05
2024-12-06 16:50:56 - INFO - 接收: ID=0x702, 数据=05
2024-12-06 16:50:56 - INFO - 接收: ID=0x402, 数据=C0 00 05 62 34 00 E4 00
2024-12-06 16:50:56 - INFO - 接收: ID=0x507, 数据=FF FF 00 00 00 00 00 00
2024-12-06 16:50:56 - INFO - 接收: ID=0x750, 数据=05
2024-12-06 16:50:56 - INFO - 接收: ID=0x708, 数据=05
2024-12-06 16:50:56 - INFO - 接收: ID=0x501, 数据=01 00 00 00 00 00 00 00
2024-12-06 16:50:56 - INFO - 接收: ID=0x502, 数据=D7 FF 00 00 00 00 00 00
2024-12-06 16:50:56 - INFO - 接收: ID=0x406, 数据=C0 00 60 60 3B 00 E3 00
2024-12-06 16:50:56 - INFO - 接收: ID=0x504, 数据=00 00 00 00 00 00 00 00
2024-12-06 16:50:56 - INFO - 接收: ID=0x703, 数据=05
2024-12-06 16:50:56 - INFO - 接收: ID=0x705, 数据=05
2024-12-06 16:50:56 - INFO - 接收: ID=0x506, 数据=07 00 00 00 00 00 00 00
2024-12-06 16:50:56 - INFO - 接收: ID=0x503, 数据=FE FF 00 00 00 00 00 00
2024-12-06 16:50:56 - INFO - 接收: ID=0x407, 数据=C0 00 A2 61 32 00 E2 00
2024-12-06 16:50:56 - INFO - 接收: ID=0x404, 数据=C0 00 7E 61 32 00 DF 00
2024-12-06 16:50:56 - INFO - 接收: ID=0x505, 数据=D3 FF 00 00 00 00 00 00
2024-12-06 16:50:56 - INFO - 接收: ID=0x403, 数据=C0 00 FD 5F 30 00 E0 00
2024-12-06 16:50:56 - INFO - 接收: ID=0x706, 数据=05
2024-12-06 16:50:56 - INFO - 接收: ID=0x401, 数据=C0 00 DD 60 44 00 DC 00
2024-12-06 16:50:56 - INFO - 接收: ID=0x707, 数据=05
2024-12-06 16:50:56 - INFO - 接收: ID=0x508, 数据=E0 FF 00 00 00 00 00 00
2024-12-06 16:50:56 - INFO - 接收: ID=0x408, 数据=C0 00 1C 61 32 00 E4 00
2024-12-06 16:50:56 - INFO - 接收: ID=0x701, 数据=05
2024-12-06 16:50:56 - INFO - 接收: ID=0x702, 数据=05
2024-12-06 16:50:56 - INFO - 接收: ID=0x402, 数据=C0 00 05 62 34 00 E4 00
2024-12-06 16:50:56 - INFO - 接收: ID=0x507, 数据=FF FF 00 00 00 00 00 00
2024-12-06 16:50:56 - INFO - 接收: ID=0x704, 数据=05
2024-12-06 16:50:56 - INFO - 接收: ID=0x501, 数据=01 00 00 00 00 00 00 00
2024-12-06 16:50:56 - INFO - 接收: ID=0x502, 数据=D7 FF 00 00 00 00 00 00
2024-12-06 16:50:56 - INFO - 接收: ID=0x405, 数据=C0 00 14 61 32 00 E4 00
2024-12-06 16:50:56 - INFO - 接收: ID=0x703, 数据=05
2024-12-06 16:50:56 - INFO - 接收: ID=0x406, 数据=C0 00 60 60 3B 00 E3 00
2024-12-06 16:50:57 - INFO - 接收: ID=0x503, 数据=FE FF 00 00 00 00 00 00
2024-12-06 16:50:57 - INFO - 接收: ID=0x504, 数据=00 00 00 00 00 00 00 00
2024-12-06 16:50:57 - INFO - 接收: ID=0x407, 数据=C0 00 A2 61 32 00 E2 00
2024-12-06 16:50:57 - INFO - 接收: ID=0x506, 数据=07 00 00 00 00 00 00 00
2024-12-06 16:50:57 - INFO - 接收: ID=0x403, 数据=C0 00 FD 5F 30 00 E0 00
2024-12-06 16:50:57 - INFO - 接收: ID=0x401, 数据=C0 00 DD 60 44 00 DC 00
2024-12-06 16:50:57 - INFO - 接收: ID=0x707, 数据=05
2024-12-06 16:50:57 - INFO - 接收: ID=0x705, 数据=05
2024-12-06 16:50:57 - INFO - 接收: ID=0x708, 数据=05
2024-12-06 16:50:57 - INFO - 接收: ID=0x701, 数据=05
2024-12-06 16:50:57 - INFO - 接收: ID=0x702, 数据=05
2024-12-06 16:50:57 - INFO - 接收: ID=0x706, 数据=05
2024-12-06 16:50:57 - INFO - 接收: ID=0x402, 数据=C0 00 05 62 34 00 E4 00
2024-12-06 16:50:57 - INFO - 接收: ID=0x507, 数据=FF FF 00 00 00 00 00 00
2024-12-06 16:50:57 - INFO - 接收: ID=0x404, 数据=C0 00 7E 61 30 00 DF 00
2024-12-06 16:50:57 - INFO - 接收: ID=0x750, 数据=05
2024-12-06 16:50:57 - INFO - 接收: ID=0x501, 数据=01 00 00 00 00 00 00 00
2024-12-06 16:50:57 - INFO - 接收: ID=0x505, 数据=D3 FF 00 00 00 00 00 00
2024-12-06 16:50:57 - INFO - 接收: ID=0x502, 数据=D7 FF 00 00 00 00 00 00
2024-12-06 16:50:57 - INFO - 接收: ID=0x703, 数据=05
2024-12-06 16:50:57 - INFO - 接收: ID=0x704, 数据=05
2024-12-06 16:50:57 - INFO - 接收: ID=0x503, 数据=FE FF 00 00 00 00 00 00
2024-12-06 16:50:57 - INFO - 接收: ID=0x406, 数据=C0 00 60 60 3A 00 E3 00
2024-12-06 16:50:57 - INFO - 接收: ID=0x407, 数据=C0 00 B3 61 32 00 E2 00
2024-12-06 16:50:57 - INFO - 接收: ID=0x508, 数据=E0 FF 00 00 00 00 00 00
2024-12-06 16:50:57 - INFO - 接收: ID=0x405, 数据=C0 00 19 61 32 00 E4 00
2024-12-06 16:50:57 - INFO - 接收: ID=0x408, 数据=C0 00 1C 61 32 00 E4 00
2024-12-06 16:50:57 - INFO - 接收: ID=0x403, 数据=C0 00 FD 5F 32 00 E0 00
2024-12-06 16:50:57 - INFO - 接收: ID=0x401, 数据=C0 00 DD 60 44 00 DC 00
2024-12-06 16:50:57 - INFO - 接收: ID=0x707, 数据=05
2024-12-06 16:50:57 - INFO - 接收: ID=0x506, 数据=07 00 00 00 00 00 00 00
2024-12-06 16:50:57 - INFO - 接收: ID=0x504, 数据=00 00 00 00 00 00 00 00
2024-12-06 16:50:57 - INFO - 接收: ID=0x702, 数据=05
2024-12-06 16:50:57 - INFO - 接收: ID=0x701, 数据=05
2024-12-06 16:50:57 - INFO - 接收: ID=0x402, 数据=C0 00 05 62 34 00 E4 00
2024-12-06 16:50:57 - INFO - 接收: ID=0x507, 数据=FF FF 00 00 00 00 00 00
2024-12-06 16:50:57 - INFO - 接收: ID=0x501, 数据=01 00 00 00 00 00 00 00
2024-12-06 16:50:57 - INFO - 接收: ID=0x706, 数据=05
2024-12-06 16:50:57 - INFO - 接收: ID=0x502, 数据=D7 FF 00 00 00 00 00 00
2024-12-06 16:50:57 - INFO - 接收: ID=0x705, 数据=05
2024-12-06 16:50:57 - INFO - 接收: ID=0x404, 数据=C0 00 8D 61 32 00 DF 00
2024-12-06 16:50:57 - INFO - 接收: ID=0x703, 数据=05
2024-12-06 16:50:58 - INFO - 接收: ID=0x503, 数据=FE FF 00 00 00 00 00 00
2024-12-06 16:50:58 - INFO - 接收: ID=0x407, 数据=C0 00 A2 61 32 00 E2 00
2024-12-06 16:50:58 - INFO - 接收: ID=0x505, 数据=D3 FF 00 00 00 00 00 00
2024-12-06 16:50:58 - INFO - 接收: ID=0x708, 数据=05
2024-12-06 16:50:58 - INFO - 接收: ID=0x704, 数据=05
2024-12-06 16:50:58 - INFO - 接收: ID=0x406, 数据=C0 00 60 60 3A 00 E3 00
2024-12-06 16:50:58 - INFO - 接收: ID=0x403, 数据=C0 00 FC 5F 32 00 E0 00
2024-12-06 16:50:58 - INFO - 接收: ID=0x401, 数据=C0 00 DC 60 44 00 DC 00
2024-12-06 16:50:58 - INFO - 接收: ID=0x707, 数据=05
2024-12-06 16:50:58 - INFO - 接收: ID=0x702, 数据=05
2024-12-06 16:50:58 - INFO - 接收: ID=0x701, 数据=05
2024-12-06 16:50:58 - INFO - 接收: ID=0x402, 数据=C0 00 05 62 34 00 E4 00
2024-12-06 16:50:58 - INFO - 接收: ID=0x507, 数据=FF FF 00 00 00 00 00 00
2024-12-06 16:50:58 - INFO - 接收: ID=0x70E, 数据=05
2024-12-06 16:50:58 - INFO - 接收: ID=0x750, 数据=05
2024-12-06 16:50:58 - INFO - 接收: ID=0x506, 数据=07 00 00 00 00 00 00 00
2024-12-06 16:50:58 - INFO - 接收: ID=0x501, 数据=01 00 00 00 00 00 00 00
2024-12-06 16:50:58 - INFO - 接收: ID=0x405, 数据=C0 00 13 61 32 00 E4 00
2024-12-06 16:50:58 - INFO - 接收: ID=0x504, 数据=00 00 00 00 00 00 00 00
2024-12-06 16:50:58 - INFO - 接收: ID=0x502, 数据=D7 FF 00 00 00 00 00 00
2024-12-06 16:50:58 - INFO - 接收: ID=0x706, 数据=05
2024-12-06 16:50:58 - INFO - 接收: ID=0x703, 数据=05
2024-12-06 16:50:58 - INFO - 接收: ID=0x508, 数据=E0 FF 00 00 00 00 00 00
2024-12-06 16:50:58 - INFO - 接收: ID=0x408, 数据=C0 00 1C 61 30 00 E4 00
2024-12-06 16:50:58 - INFO - 接收: ID=0x404, 数据=C0 00 84 61 32 00 DF 00
2024-12-06 16:50:58 - INFO - 接收: ID=0x503, 数据=FE FF 00 00 00 00 00 00
2024-12-06 16:50:58 - INFO - 接收: ID=0x407, 数据=C0 00 A2 61 32 00 E2 00
2024-12-06 16:50:58 - INFO - 接收: ID=0x705, 数据=05
2024-12-06 16:50:58 - INFO - 接收: ID=0x403, 数据=C0 00 FD 5F 30 00 E0 00
2024-12-06 16:50:58 - INFO - 接收: ID=0x401, 数据=C0 00 DD 60 44 00 DC 00
2024-12-06 16:50:58 - INFO - 接收: ID=0x707, 数据=05
2024-12-06 16:50:58 - INFO - 接收: ID=0x406, 数据=C0 00 60 60 3A 00 E3 00
2024-12-06 16:50:58 - INFO - 接收: ID=0x702, 数据=05
2024-12-06 16:50:58 - INFO - 接收: ID=0x701, 数据=05
2024-12-06 16:50:58 - INFO - 接收: ID=0x402, 数据=C0 00 05 62 34 00 E4 00
2024-12-06 16:50:58 - INFO - 接收: ID=0x507, 数据=FF FF 00 00 00 00 00 00
2024-12-06 16:50:58 - INFO - 接收: ID=0x704, 数据=05
2024-12-06 16:50:58 - INFO - 接收: ID=0x505, 数据=D3 FF 00 00 00 00 00 00
2024-12-06 16:50:58 - INFO - 接收: ID=0x501, 数据=01 00 00 00 00 00 00 00
2024-12-06 16:50:58 - INFO - 接收: ID=0x506, 数据=07 00 00 00 00 00 00 00
2024-12-06 16:50:58 - INFO - 接收: ID=0x502, 数据=D7 FF 00 00 00 00 00 00
2024-12-06 16:50:58 - INFO - 接收: ID=0x703, 数据=05
2024-12-06 16:50:58 - INFO - 接收: ID=0x708, 数据=05
2024-12-06 16:50:58 - INFO - 接收: ID=0x504, 数据=00 00 00 00 00 00 00 00
2024-12-06 16:50:58 - INFO - 接收: ID=0x706, 数据=05
2024-12-06 16:50:59 - INFO - 接收: ID=0x503, 数据=FE FF 00 00 00 00 00 00
2024-12-06 16:50:59 - INFO - 接收: ID=0x405, 数据=C0 00 13 61 30 00 E4 00
2024-12-06 16:50:59 - INFO - 接收: ID=0x407, 数据=C0 00 A2 61 32 00 E2 00
2024-12-06 16:50:59 - INFO - 接收: ID=0x403, 数据=C0 00 FD 5F 30 00 E0 00
2024-12-06 16:50:59 - INFO - 接收: ID=0x401, 数据=C0 00 DD 60 44 00 DC 00
2024-12-06 16:50:59 - INFO - 接收: ID=0x707, 数据=05
2024-12-06 16:50:59 - INFO - 接收: ID=0x404, 数据=C0 00 7E 61 32 00 DF 00
2024-12-06 16:50:59 - INFO - 接收: ID=0x702, 数据=05
2024-12-06 16:50:59 - INFO - 接收: ID=0x402, 数据=C0 00 05 62 34 00 E4 00
2024-12-06 16:50:59 - INFO - 接收: ID=0x701, 数据=05
2024-12-06 16:50:59 - INFO - 接收: ID=0x507, 数据=FF FF 00 00 00 00 00 00
2024-12-06 16:50:59 - INFO - 接收: ID=0x750, 数据=05
2024-12-06 16:50:59 - INFO - 接收: ID=0x501, 数据=01 00 00 00 00 00 00 00
2024-12-06 16:50:59 - INFO - 接收: ID=0x406, 数据=C0 00 60 60 3A 00 E3 00
2024-12-06 16:50:59 - INFO - 接收: ID=0x705, 数据=05
2024-12-06 16:50:59 - INFO - 接收: ID=0x502, 数据=D7 FF 00 00 00 00 00 00
2024-12-06 16:50:59 - INFO - 接收: ID=0x508, 数据=E0 FF 00 00 00 00 00 00
2024-12-06 16:50:59 - INFO - 接收: ID=0x704, 数据=05
2024-12-06 16:50:59 - INFO - 接收: ID=0x703, 数据=05
2024-12-06 16:50:59 - INFO - 接收: ID=0x408, 数据=C0 00 1C 61 32 00 E4 00
2024-12-06 16:50:59 - INFO - 接收: ID=0x506, 数据=07 00 00 00 00 00 00 00
2024-12-06 16:50:59 - INFO - 接收: ID=0x505, 数据=D3 FF 00 00 00 00 00 00
2024-12-06 16:50:59 - INFO - 接收: ID=0x503, 数据=FE FF 00 00 00 00 00 00
2024-12-06 16:50:59 - INFO - 接收: ID=0x407, 数据=C0 00 B8 61 33 00 E2 00
2024-12-06 16:50:59 - INFO - 接收: ID=0x706, 数据=05
2024-12-06 16:50:59 - INFO - 接收: ID=0x504, 数据=00 00 00 00 00 00 00 00
2024-12-06 16:50:59 - INFO - 接收: ID=0x403, 数据=C0 00 18 60 30 00 E0 00
2024-12-06 16:50:59 - INFO - 接收: ID=0x401, 数据=C0 00 DC 60 44 00 DC 00
2024-12-06 16:50:59 - INFO - 接收: ID=0x707, 数据=05
2024-12-06 16:50:59 - INFO - 接收: ID=0x702, 数据=05
2024-12-06 16:50:59 - INFO - 接收: ID=0x402, 数据=C0 00 05 62 34 00 E4 00
2024-12-06 16:50:59 - INFO - 接收: ID=0x701, 数据=05
2024-12-06 16:50:59 - INFO - 接收: ID=0x507, 数据=FF FF 00 00 00 00 00 00
2024-12-06 16:50:59 - INFO - 接收: ID=0x405, 数据=C0 00 13 61 32 00 E4 00
2024-12-06 16:50:59 - INFO - 接收: ID=0x501, 数据=01 00 00 00 00 00 00 00
2024-12-06 16:50:59 - INFO - 接收: ID=0x404, 数据=C0 00 7E 61 32 00 DF 00
2024-12-06 16:50:59 - INFO - 接收: ID=0x502, 数据=D7 FF 00 00 00 00 00 00
2024-12-06 16:50:59 - INFO - 接收: ID=0x708, 数据=05
2024-12-06 16:50:59 - INFO - 接收: ID=0x406, 数据=C0 00 60 60 3A 00 E3 00
2024-12-06 16:50:59 - INFO - 接收: ID=0x703, 数据=05
2024-12-06 16:51:00 - INFO - 接收: ID=0x506, 数据=07 00 00 00 00 00 00 00
2024-12-06 16:51:00 - INFO - 接收: ID=0x704, 数据=05
2024-12-06 16:51:00 - INFO - 接收: ID=0x503, 数据=FE FF 00 00 00 00 00 00
2024-12-06 16:51:00 - INFO - 接收: ID=0x705, 数据=05
2024-12-06 16:51:00 - INFO - 接收: ID=0x407, 数据=C0 00 A3 61 32 00 E2 00
2024-12-06 16:51:00 - INFO - 接收: ID=0x403, 数据=C0 00 FD 5F 30 00 E0 00
2024-12-06 16:51:00 - INFO - 接收: ID=0x401, 数据=C0 00 DD 60 42 00 DC 00
2024-12-06 16:51:00 - INFO - 接收: ID=0x706, 数据=05
2024-12-06 16:51:00 - INFO - 接收: ID=0x707, 数据=05
2024-12-06 16:51:00 - INFO - 接收: ID=0x702, 数据=05
2024-12-06 16:51:00 - INFO - 接收: ID=0x402, 数据=C0 00 05 62 34 00 E4 00
2024-12-06 16:51:00 - INFO - 接收: ID=0x505, 数据=D3 FF 00 00 00 00 00 00
2024-12-06 16:51:00 - INFO - 接收: ID=0x701, 数据=05
2024-12-06 16:51:00 - INFO - 接收: ID=0x507, 数据=FF FF 00 00 00 00 00 00
2024-12-06 16:51:00 - INFO - 接收: ID=0x750, 数据=05
2024-12-06 16:51:00 - INFO - 接收: ID=0x508, 数据=E0 FF 00 00 00 00 00 00
2024-12-06 16:51:00 - INFO - 接收: ID=0x504, 数据=00 00 00 00 00 00 00 00
2024-12-06 16:51:00 - INFO - 接收: ID=0x501, 数据=01 00 00 00 00 00 00 00
2024-12-06 16:51:00 - INFO - 接收: ID=0x408, 数据=C0 00 1C 61 32 00 E4 00
2024-12-06 16:51:00 - INFO - 接收: ID=0x502, 数据=D7 FF 00 00 00 00 00 00
2024-12-06 16:51:00 - INFO - 接收: ID=0x703, 数据=05
2024-12-06 16:51:00 - INFO - 接收: ID=0x406, 数据=C0 00 60 60 3A 00 E3 00
2024-12-06 16:51:00 - INFO - 接收: ID=0x404, 数据=C0 00 7E 61 32 00 DF 00
2024-12-06 16:51:00 - INFO - 接收: ID=0x405, 数据=C0 00 13 61 30 00 E4 00
2024-12-06 16:51:00 - INFO - 接收: ID=0x503, 数据=FE FF 00 00 00 00 00 00
2024-12-06 16:51:00 - INFO - 接收: ID=0x407, 数据=C0 00 A2 61 32 00 E2 00
2024-12-06 16:51:00 - INFO - 接收: ID=0x506, 数据=07 00 00 00 00 00 00 00
2024-12-06 16:51:00 - INFO - 接收: ID=0x403, 数据=C0 00 FD 5F 32 00 E0 00
2024-12-06 16:51:00 - INFO - 接收: ID=0x401, 数据=C0 00 DD 60 44 00 DC 00
2024-12-06 16:51:00 - INFO - 接收: ID=0x707, 数据=05
2024-12-06 16:51:00 - INFO - 接收: ID=0x704, 数据=05
2024-12-06 16:51:00 - INFO - 接收: ID=0x702, 数据=05
2024-12-06 16:51:00 - INFO - 接收: ID=0x402, 数据=C0 00 05 62 34 00 E4 00
2024-12-06 16:51:00 - INFO - 接收: ID=0x701, 数据=05
2024-12-06 16:51:00 - INFO - 接收: ID=0x507, 数据=FF FF 00 00 00 00 00 00
2024-12-06 16:51:00 - INFO - 接收: ID=0x706, 数据=05
2024-12-06 16:51:00 - INFO - 接收: ID=0x705, 数据=05
2024-12-06 16:51:00 - INFO - 接收: ID=0x708, 数据=05
2024-12-06 16:51:00 - INFO - 接收: ID=0x501, 数据=01 00 00 00 00 00 00 00
2024-12-06 16:51:00 - INFO - 接收: ID=0x70D, 数据=05
2024-12-06 16:51:00 - INFO - 接收: ID=0x502, 数据=D7 FF 00 00 00 00 00 00
2024-12-06 16:51:00 - INFO - 接收: ID=0x504, 数据=00 00 00 00 00 00 00 00
2024-12-06 16:51:00 - INFO - 接收: ID=0x703, 数据=05
2024-12-06 16:51:00 - INFO - 接收: ID=0x505, 数据=D3 FF 00 00 00 00 00 00
2024-12-06 16:51:01 - INFO - 接收: ID=0x503, 数据=FE FF 00 00 00 00 00 00
2024-12-06 16:51:01 - INFO - 接收: ID=0x406, 数据=C0 00 61 60 3A 00 E3 00
2024-12-06 16:51:01 - INFO - 接收: ID=0x407, 数据=C0 00 A3 61 32 00 E2 00
2024-12-06 16:51:01 - INFO - 接收: ID=0x404, 数据=C0 00 7E 61 32 00 DF 00
2024-12-06 16:51:01 - INFO - 接收: ID=0x403, 数据=C0 00 FD 5F 32 00 E0 00
2024-12-06 16:51:01 - INFO - 接收: ID=0x401, 数据=C0 00 DD 60 44 00 DC 00
2024-12-06 16:51:01 - INFO - 接收: ID=0x707, 数据=05
2024-12-06 16:51:01 - INFO - 接收: ID=0x508, 数据=E0 FF 00 00 00 00 00 00
2024-12-06 16:51:01 - INFO - 接收: ID=0x506, 数据=07 00 00 00 00 00 00 00
2024-12-06 16:51:01 - INFO - 接收: ID=0x405, 数据=C0 00 1B 61 32 00 E4 00
2024-12-06 16:51:01 - INFO - 接收: ID=0x702, 数据=05
2024-12-06 16:51:01 - INFO - 接收: ID=0x402, 数据=C0 00 05 62 34 00 E4 00
2024-12-06 16:51:01 - INFO - 接收: ID=0x701, 数据=05
2024-12-06 16:51:01 - INFO - 接收: ID=0x507, 数据=FF FF 00 00 00 00 00 00
2024-12-06 16:51:01 - INFO - 接收: ID=0x408, 数据=C0 00 1C 61 32 00 E4 00
2024-12-06 16:51:01 - INFO - 接收: ID=0x750, 数据=05
2024-12-06 16:51:01 - INFO - 接收: ID=0x501, 数据=01 00 00 00 00 00 00 00
2024-12-06 16:51:01 - INFO - 接收: ID=0x704, 数据=05
2024-12-06 16:51:01 - INFO - 接收: ID=0x706, 数据=05
2024-12-06 16:51:01 - INFO - 接收: ID=0x502, 数据=D7 FF 00 00 00 00 00 00
2024-12-06 16:51:01 - INFO - 接收: ID=0x703, 数据=05
2024-12-06 16:51:01 - INFO - 接收: ID=0x705, 数据=05
2024-12-06 16:51:01 - INFO - 接收: ID=0x503, 数据=FE FF 00 00 00 00 00 00
2024-12-06 16:51:01 - INFO - 接收: ID=0x407, 数据=C0 00 A2 61 32 00 E2 00
2024-12-06 16:51:01 - INFO - 接收: ID=0x504, 数据=00 00 00 00 00 00 00 00
2024-12-06 16:51:01 - INFO - 接收: ID=0x403, 数据=C0 00 12 60 30 00 E0 00
2024-12-06 16:51:01 - INFO - 接收: ID=0x406, 数据=C0 00 60 60 3A 00 E3 00
2024-12-06 16:51:01 - INFO - 接收: ID=0x401, 数据=C0 00 D9 60 44 00 DC 00
2024-12-06 16:51:01 - INFO - 接收: ID=0x707, 数据=05
2024-12-06 16:51:01 - INFO - 接收: ID=0x505, 数据=D3 FF 00 00 00 00 00 00
2024-12-06 16:51:01 - INFO - 接收: ID=0x708, 数据=05
2024-12-06 16:51:01 - INFO - 接收: ID=0x702, 数据=05
2024-12-06 16:51:01 - INFO - 接收: ID=0x402, 数据=C0 00 05 62 34 00 E4 00
2024-12-06 16:51:01 - INFO - 接收: ID=0x701, 数据=05
2024-12-06 16:51:01 - INFO - 接收: ID=0x507, 数据=FF FF 00 00 00 00 00 00
2024-12-06 16:51:01 - INFO - 接收: ID=0x404, 数据=C0 00 7E 61 32 00 DF 00
2024-12-06 16:51:01 - INFO - 接收: ID=0x506, 数据=07 00 00 00 00 00 00 00
2024-12-06 16:51:01 - INFO - 接收: ID=0x501, 数据=01 00 00 00 00 00 00 00
2024-12-06 16:51:01 - INFO - 接收: ID=0x502, 数据=D7 FF 00 00 00 00 00 00
2024-12-06 16:51:01 - INFO - 接收: ID=0x706, 数据=05
2024-12-06 16:51:01 - INFO - 接收: ID=0x703, 数据=05
2024-12-06 16:51:01 - INFO - 接收: ID=0x405, 数据=C0 00 17 61 30 00 E4 00
2024-12-06 16:51:01 - INFO - 接收: ID=0x704, 数据=05
2024-12-06 16:51:02 - INFO - 接收: ID=0x503, 数据=FE FF 00 00 00 00 00 00
2024-12-06 16:51:02 - INFO - 接收: ID=0x407, 数据=C0 00 A4 61 32 00 E2 00
2024-12-06 16:51:02 - INFO - 接收: ID=0x508, 数据=E0 FF 00 00 00 00 00 00
2024-12-06 16:51:02 - INFO - 接收: ID=0x408, 数据=C0 00 1D 61 30 00 E4 00
2024-12-06 16:51:02 - INFO - 接收: ID=0x403, 数据=C0 00 18 60 30 00 E0 00
2024-12-06 16:51:02 - INFO - 接收: ID=0x401, 数据=C0 00 DD 60 44 00 DC 00
2024-12-06 16:51:02 - INFO - 接收: ID=0x707, 数据=05
2024-12-06 16:51:02 - INFO - 接收: ID=0x705, 数据=05
2024-12-06 16:51:02 - INFO - 接收: ID=0x702, 数据=05
2024-12-06 16:51:02 - INFO - 接收: ID=0x402, 数据=C0 00 05 62 34 00 E4 00
2024-12-06 16:51:02 - INFO - 接收: ID=0x504, 数据=00 00 00 00 00 00 00 00
2024-12-06 16:51:02 - INFO - 接收: ID=0x701, 数据=05
2024-12-06 16:51:02 - INFO - 接收: ID=0x406, 数据=C0 00 60 60 3A 00 E3 00
2024-12-06 16:51:02 - INFO - 接收: ID=0x507, 数据=FF FF 00 00 00 00 00 00
2024-12-06 16:51:02 - INFO - 接收: ID=0x750, 数据=05
2024-12-06 16:51:02 - INFO - 接收: ID=0x501, 数据=01 00 00 00 00 00 00 00
2024-12-06 16:51:02 - INFO - 接收: ID=0x502, 数据=D7 FF 00 00 00 00 00 00
2024-12-06 16:51:02 - INFO - 接收: ID=0x506, 数据=07 00 00 00 00 00 00 00
2024-12-06 16:51:02 - INFO - 接收: ID=0x505, 数据=D3 FF 00 00 00 00 00 00
2024-12-06 16:51:02 - INFO - 接收: ID=0x404, 数据=C0 00 7E 61 32 00 DF 00
2024-12-06 16:51:02 - INFO - 接收: ID=0x703, 数据=05
2024-12-06 16:51:02 - INFO - 接收: ID=0x706, 数据=05
2024-12-06 16:51:02 - INFO - 接收: ID=0x503, 数据=FE FF 00 00 00 00 00 00
2024-12-06 16:51:02 - INFO - 接收: ID=0x407, 数据=C0 00 A2 61 32 00 E2 00
2024-12-06 16:51:02 - INFO - 接收: ID=0x708, 数据=05
2024-12-06 16:51:02 - INFO - 接收: ID=0x704, 数据=05
2024-12-06 16:51:02 - INFO - 接收: ID=0x403, 数据=C0 00 16 60 30 00 E0 00
2024-12-06 16:51:02 - INFO - 接收: ID=0x405, 数据=C0 00 14 61 32 00 E4 00
2024-12-06 16:51:02 - INFO - 接收: ID=0x401, 数据=C0 00 DD 60 44 00 DC 00
2024-12-06 16:51:02 - INFO - 接收: ID=0x707, 数据=05
2024-12-06 16:51:02 - INFO - 接收: ID=0x702, 数据=05
2024-12-06 16:51:02 - INFO - 接收: ID=0x402, 数据=C0 00 05 62 34 00 E4 00
2024-12-06 16:51:02 - INFO - 接收: ID=0x701, 数据=05
2024-12-06 16:51:02 - INFO - 接收: ID=0x507, 数据=FF FF 00 00 00 00 00 00
2024-12-06 16:51:02 - INFO - 接收: ID=0x501, 数据=01 00 00 00 00 00 00 00
2024-12-06 16:51:02 - INFO - 接收: ID=0x406, 数据=C0 00 60 60 3A 00 E3 00
2024-12-06 16:51:02 - INFO - 接收: ID=0x502, 数据=D7 FF 00 00 00 00 00 00
2024-12-06 16:51:02 - INFO - 接收: ID=0x504, 数据=00 00 00 00 00 00 00 00
2024-12-06 16:51:02 - INFO - 接收: ID=0x705, 数据=05
2024-12-06 16:51:02 - INFO - 接收: ID=0x703, 数据=05
2024-12-06 16:51:02 - INFO - 接收: ID=0x506, 数据=07 00 00 00 00 00 00 00
2024-12-06 16:51:02 - INFO - 接收: ID=0x508, 数据=E0 FF 00 00 00 00 00 00
2024-12-06 16:51:03 - INFO - 接收: ID=0x408, 数据=C0 00 1E 61 32 00 E4 00
2024-12-06 16:51:03 - INFO - 接收: ID=0x503, 数据=FE FF 00 00 00 00 00 00
2024-12-06 16:51:03 - INFO - 接收: ID=0x407, 数据=C0 00 A2 61 32 00 E2 00
2024-12-06 16:51:03 - INFO - 接收: ID=0x404, 数据=C0 00 7E 61 30 00 DF 00
2024-12-06 16:51:03 - INFO - 接收: ID=0x706, 数据=05
2024-12-06 16:51:03 - INFO - 接收: ID=0x505, 数据=D3 FF 00 00 00 00 00 00
2024-12-06 16:51:03 - INFO - 接收: ID=0x403, 数据=C0 00 FD 5F 30 00 E0 00
2024-12-06 16:51:03 - INFO - 接收: ID=0x401, 数据=C0 00 DB 60 44 00 DC 00
2024-12-06 16:51:03 - INFO - 接收: ID=0x707, 数据=05
2024-12-06 16:51:03 - INFO - 接收: ID=0x702, 数据=05
2024-12-06 16:51:03 - INFO - 接收: ID=0x402, 数据=C0 00 05 62 34 00 E4 00
2024-12-06 16:51:03 - INFO - 接收: ID=0x701, 数据=05
2024-12-06 16:51:03 - INFO - 接收: ID=0x507, 数据=FF FF 00 00 00 00 00 00
2024-12-06 16:51:03 - INFO - 接收: ID=0x70E, 数据=05
2024-12-06 16:51:03 - INFO - 接收: ID=0x704, 数据=05
2024-12-06 16:51:03 - INFO - 接收: ID=0x750, 数据=05
2024-12-06 16:51:03 - INFO - 接收: ID=0x501, 数据=01 00 00 00 00 00 00 00
2024-12-06 16:51:03 - INFO - 接收: ID=0x502, 数据=D7 FF 00 00 00 00 00 00
2024-12-06 16:51:03 - INFO - 接收: ID=0x405, 数据=C0 00 13 61 32 00 E4 00
2024-12-06 16:51:03 - INFO - 接收: ID=0x406, 数据=C0 00 60 60 3A 00 E3 00
2024-12-06 16:51:03 - INFO - 接收: ID=0x703, 数据=05
2024-12-06 16:51:03 - INFO - 接收: ID=0x708, 数据=05
2024-12-06 16:51:03 - INFO - 接收: ID=0x504, 数据=00 00 00 00 00 00 00 00
2024-12-06 16:51:03 - INFO - 接收: ID=0x506, 数据=07 00 00 00 00 00 00 00
2024-12-06 16:51:03 - INFO - 接收: ID=0x503, 数据=FE FF 00 00 00 00 00 00
2024-12-06 16:51:03 - INFO - 接收: ID=0x407, 数据=C0 00 A2 61 32 00 E2 00
2024-12-06 16:51:03 - INFO - 接收: ID=0x403, 数据=C0 00 FD 5F 30 00 E0 00
2024-12-06 16:51:03 - INFO - 接收: ID=0x705, 数据=05
2024-12-06 16:51:03 - INFO - 接收: ID=0x401, 数据=C0 00 DC 60 44 00 DC 00
2024-12-06 16:51:03 - INFO - 接收: ID=0x707, 数据=05
2024-12-06 16:51:03 - INFO - 接收: ID=0x706, 数据=05
2024-12-06 16:51:03 - INFO - 接收: ID=0x702, 数据=05
2024-12-06 16:51:03 - INFO - 接收: ID=0x402, 数据=C0 00 02 62 34 00 E4 00
2024-12-06 16:51:03 - INFO - 接收: ID=0x404, 数据=C0 00 7E 61 32 00 DF 00
2024-12-06 16:51:03 - INFO - 接收: ID=0x701, 数据=05
2024-12-06 16:51:03 - INFO - 接收: ID=0x507, 数据=FF FF 00 00 00 00 00 00
2024-12-06 16:51:03 - INFO - 接收: ID=0x501, 数据=01 00 00 00 00 00 00 00
2024-12-06 16:51:03 - INFO - 接收: ID=0x505, 数据=D3 FF 00 00 00 00 00 00
2024-12-06 16:51:03 - INFO - 接收: ID=0x502, 数据=D7 FF 00 00 00 00 00 00
2024-12-06 16:51:03 - INFO - 接收: ID=0x508, 数据=E0 FF 00 00 00 00 00 00
2024-12-06 16:51:03 - INFO - 接收: ID=0x704, 数据=05
2024-12-06 16:51:03 - INFO - 接收: ID=0x703, 数据=05
2024-12-06 16:51:03 - INFO - 接收: ID=0x408, 数据=C0 00 1C 61 32 00 E4 00
2024-12-06 16:51:03 - INFO - 接收: ID=0x406, 数据=C0 00 60 60 3A 00 E3 00
2024-12-06 16:51:04 - INFO - 接收: ID=0x503, 数据=FE FF 00 00 00 00 00 00
2024-12-06 16:51:04 - INFO - 接收: ID=0x407, 数据=C0 00 B3 61 32 00 E2 00
2024-12-06 16:51:04 - INFO - 接收: ID=0x405, 数据=C0 00 13 61 32 00 E4 00
2024-12-06 16:51:04 - INFO - 接收: ID=0x506, 数据=07 00 00 00 00 00 00 00
2024-12-06 16:51:04 - INFO - 接收: ID=0x403, 数据=C0 00 FC 5F 32 00 E0 00
2024-12-06 16:51:04 - INFO - 接收: ID=0x401, 数据=C0 00 DD 60 44 00 DC 00
2024-12-06 16:51:04 - INFO - 接收: ID=0x707, 数据=05
2024-12-06 16:51:04 - INFO - 接收: ID=0x504, 数据=00 00 00 00 00 00 00 00
2024-12-06 16:51:04 - INFO - 接收: ID=0x702, 数据=05
2024-12-06 16:51:04 - INFO - 接收: ID=0x402, 数据=C0 00 05 62 34 00 E4 00
2024-12-06 16:51:04 - INFO - 接收: ID=0x701, 数据=05
2024-12-06 16:51:04 - INFO - 接收: ID=0x507, 数据=FF FF 00 00 00 00 00 00
2024-12-06 16:51:04 - INFO - 接收: ID=0x706, 数据=05
2024-12-06 16:51:04 - INFO - 接收: ID=0x750, 数据=05
2024-12-06 16:51:04 - INFO - 接收: ID=0x501, 数据=01 00 00 00 00 00 00 00
2024-12-06 16:51:04 - INFO - 接收: ID=0x502, 数据=D7 FF 00 00 00 00 00 00
2024-12-06 16:51:04 - INFO - 接收: ID=0x705, 数据=05
2024-12-06 16:51:04 - INFO - 接收: ID=0x404, 数据=C0 00 7E 61 32 00 DF 00
2024-12-06 16:51:04 - INFO - 接收: ID=0x708, 数据=05
2024-12-06 16:51:04 - INFO - 接收: ID=0x703, 数据=05
2024-12-06 16:51:04 - INFO - 接收: ID=0x505, 数据=D3 FF 00 00 00 00 00 00
2024-12-06 16:51:04 - INFO - 接收: ID=0x503, 数据=FE FF 00 00 00 00 00 00
2024-12-06 16:51:04 - INFO - 接收: ID=0x407, 数据=C0 00 A5 61 32 00 E2 00
2024-12-06 16:51:04 - INFO - 接收: ID=0x704, 数据=05
2024-12-06 16:51:04 - INFO - 接收: ID=0x406, 数据=C0 00 60 60 3A 00 E3 00
2024-12-06 16:51:04 - INFO - 接收: ID=0x403, 数据=C0 00 FD 5F 32 00 E0 00
2024-12-06 16:51:04 - INFO - 接收: ID=0x401, 数据=C0 00 F0 60 44 00 DC 00
2024-12-06 16:51:04 - INFO - 接收: ID=0x707, 数据=05
2024-12-06 16:51:04 - INFO - 接收: ID=0x702, 数据=05
2024-12-06 16:51:04 - INFO - 接收: ID=0x402, 数据=C0 00 05 62 34 00 E4 00
2024-12-06 16:51:04 - INFO - 接收: ID=0x506, 数据=07 00 00 00 00 00 00 00
2024-12-06 16:51:04 - INFO - 接收: ID=0x701, 数据=05
2024-12-06 16:51:04 - INFO - 接收: ID=0x507, 数据=FF FF 00 00 00 00 00 00
2024-12-06 16:51:04 - INFO - 接收: ID=0x508, 数据=E0 FF 00 00 00 00 00 00
2024-12-06 16:51:04 - INFO - 接收: ID=0x501, 数据=01 00 00 00 00 00 00 00
2024-12-06 16:51:04 - INFO - 接收: ID=0x405, 数据=C0 00 1A 61 32 00 E4 00
2024-12-06 16:51:04 - INFO - 接收: ID=0x504, 数据=00 00 00 00 00 00 00 00
2024-12-06 16:51:04 - INFO - 接收: ID=0x502, 数据=D7 FF 00 00 00 00 00 00
2024-12-06 16:51:04 - INFO - 接收: ID=0x408, 数据=C0 00 1C 61 32 00 E4 00
2024-12-06 16:51:04 - INFO - 接收: ID=0x706, 数据=05
2024-12-06 16:51:04 - INFO - 接收: ID=0x703, 数据=05
2024-12-06 16:51:05 - INFO - 接收: ID=0x404, 数据=C0 00 7E 61 32 00 DF 00
2024-12-06 16:51:05 - INFO - 接收: ID=0x503, 数据=FE FF 00 00 00 00 00 00
2024-12-06 16:51:05 - INFO - 接收: ID=0x407, 数据=C0 00 A2 61 32 00 E2 00
2024-12-06 16:51:05 - INFO - 接收: ID=0x705, 数据=05
2024-12-06 16:51:05 - INFO - 接收: ID=0x403, 数据=C0 00 FD 5F 30 00 E0 00
2024-12-06 16:51:05 - INFO - 接收: ID=0x401, 数据=C0 00 DC 60 42 00 DC 00
2024-12-06 16:51:05 - INFO - 接收: ID=0x707, 数据=05
2024-12-06 16:51:05 - INFO - 接收: ID=0x406, 数据=C0 00 60 60 3A 00 E3 00
2024-12-06 16:51:05 - INFO - 接收: ID=0x702, 数据=05
2024-12-06 16:51:05 - INFO - 接收: ID=0x402, 数据=C0 00 05 62 34 00 E4 00
2024-12-06 16:51:05 - INFO - 接收: ID=0x704, 数据=05
2024-12-06 16:51:05 - INFO - 接收: ID=0x701, 数据=05
2024-12-06 16:51:05 - INFO - 接收: ID=0x507, 数据=FF FF 00 00 00 00 00 00
2024-12-06 16:51:05 - INFO - 接收: ID=0x505, 数据=D3 FF 00 00 00 00 00 00
2024-12-06 16:51:05 - INFO - 接收: ID=0x750, 数据=05
2024-12-06 16:51:05 - INFO - 接收: ID=0x501, 数据=01 00 00 00 00 00 00 00
2024-12-06 16:51:05 - INFO - 接收: ID=0x708, 数据=05
2024-12-06 16:51:05 - INFO - 接收: ID=0x506, 数据=07 00 00 00 00 00 00 00
2024-12-06 16:51:05 - INFO - 接收: ID=0x502, 数据=D7 FF 00 00 00 00 00 00
2024-12-06 16:51:05 - INFO - 接收: ID=0x703, 数据=05
2024-12-06 16:51:05 - INFO - 接收: ID=0x706, 数据=05
2024-12-06 16:51:05 - INFO - 接收: ID=0x504, 数据=00 00 00 00 00 00 00 00
2024-12-06 16:51:05 - INFO - 接收: ID=0x405, 数据=C0 00 13 61 32 00 E4 00
2024-12-06 16:51:05 - INFO - 接收: ID=0x503, 数据=FE FF 00 00 00 00 00 00
2024-12-06 16:51:05 - INFO - 接收: ID=0x407, 数据=C0 00 A2 61 32 00 E2 00
2024-12-06 16:51:05 - INFO - 接收: ID=0x403, 数据=C0 00 FD 5F 30 00 E0 00
2024-12-06 16:51:05 - INFO - 接收: ID=0x401, 数据=C0 00 DC 60 44 00 DC 00
2024-12-06 16:51:05 - INFO - 接收: ID=0x707, 数据=05
2024-12-06 16:51:05 - INFO - 接收: ID=0x404, 数据=C0 00 7E 61 32 00 DF 00
2024-12-06 16:51:05 - INFO - 接收: ID=0x508, 数据=E0 FF 00 00 00 00 00 00
2024-12-06 16:51:05 - INFO - 接收: ID=0x702, 数据=05
2024-12-06 16:51:05 - INFO - 接收: ID=0x402, 数据=C0 00 14 62 34 00 E4 00
2024-12-06 16:51:05 - INFO - 接收: ID=0x701, 数据=05
2024-12-06 16:51:05 - INFO - 接收: ID=0x507, 数据=FF FF 00 00 00 00 00 00
2024-12-06 16:51:05 - INFO - 接收: ID=0x406, 数据=C0 00 60 60 3A 00 E3 00
2024-12-06 16:51:05 - INFO - 接收: ID=0x408, 数据=C0 00 1C 61 32 00 E4 00
2024-12-06 16:51:05 - INFO - 接收: ID=0x501, 数据=01 00 00 00 00 00 00 00
2024-12-06 16:51:05 - INFO - 接收: ID=0x705, 数据=05
2024-12-06 16:51:05 - INFO - 接收: ID=0x70D, 数据=05
2024-12-06 16:51:05 - INFO - 接收: ID=0x502, 数据=D7 FF 00 00 00 00 00 00
2024-12-06 16:51:05 - INFO - 接收: ID=0x704, 数据=05
2024-12-06 16:51:05 - INFO - 接收: ID=0x506, 数据=07 00 00 00 00 00 00 00
2024-12-06 16:51:05 - INFO - 接收: ID=0x703, 数据=05
2024-12-06 16:51:05 - INFO - 接收: ID=0x505, 数据=D3 FF 00 00 00 00 00 00
2024-12-06 16:51:06 - INFO - 接收: ID=0x706, 数据=05
2024-12-06 16:51:06 - INFO - 接收: ID=0x503, 数据=FE FF 00 00 00 00 00 00
2024-12-06 16:51:06 - INFO - 接收: ID=0x407, 数据=C0 00 A2 61 32 00 E2 00
2024-12-06 16:51:06 - INFO - 接收: ID=0x504, 数据=00 00 00 00 00 00 00 00
2024-12-06 16:51:06 - INFO - 接收: ID=0x403, 数据=C0 00 FD 5F 30 00 E0 00
2024-12-06 16:51:06 - INFO - 接收: ID=0x401, 数据=C0 00 DD 60 44 00 DC 00
2024-12-06 16:51:06 - INFO - 接收: ID=0x707, 数据=05
2024-12-06 16:51:06 - INFO - 接收: ID=0x708, 数据=05
2024-12-06 16:51:06 - INFO - 接收: ID=0x702, 数据=05
2024-12-06 16:51:06 - INFO - 接收: ID=0x402, 数据=C0 00 05 62 34 00 E4 00
2024-12-06 16:51:06 - INFO - 接收: ID=0x701, 数据=05
2024-12-06 16:51:06 - INFO - 接收: ID=0x507, 数据=FF FF 00 00 00 00 00 00
2024-12-06 16:51:06 - INFO - 接收: ID=0x405, 数据=C0 00 13 61 32 00 E4 00
2024-12-06 16:51:06 - INFO - 接收: ID=0x750, 数据=05
2024-12-06 16:51:06 - INFO - 接收: ID=0x501, 数据=01 00 00 00 00 00 00 00
2024-12-06 16:51:06 - INFO - 接收: ID=0x404, 数据=C0 00 7E 61 30 00 DF 00
2024-12-06 16:51:06 - INFO - 接收: ID=0x406, 数据=C0 00 60 60 3A 00 E3 00
2024-12-06 16:51:06 - INFO - 接收: ID=0x502, 数据=D7 FF 00 00 00 00 00 00
2024-12-06 16:51:06 - ERROR - CAN通信错误: Could not read from serial device
2024-12-06 16:51:06 - INFO - 停止监控CAN总线
2024-12-06 16:51:06 - ERROR - Could not read from serial device
2024-12-06 16:51:20 - INFO - 开始扫描CAN节点
2024-12-06 16:51:20 - INFO - 节点扫描完成
2024-12-06 16:54:50 - INFO - 发现可用串口: COM6
2024-12-06 16:54:59 - INFO - 发现可用串口: COM6
2024-12-06 16:55:05 - INFO - 发现可用串口: COM6
2024-12-06 16:55:05 - INFO - 发现可用串口: COM6
2024-12-06 16:55:12 - INFO - 开始扫描CAN节点
2024-12-06 16:55:12 - INFO - 节点扫描完成
2024-12-06 16:58:34 - INFO - 发现可用串口: COM6
2024-12-06 17:02:29 - INFO - 发现可用串口: COM6
2024-12-06 17:04:12 - INFO - 发现可用串口: COM6
2024-12-06 17:04:15 - INFO - 发现可用串口: COM6
2024-12-06 17:04:15 - INFO - 发现可用串口: COM6
2024-12-06 17:04:17 - INFO - 开始监控CAN总线 - 接口: COM6, 波特率: 125000
2024-12-06 17:04:18 - INFO - 停止监控CAN总线
2024-12-06 17:04:23 - INFO - 开始监控CAN总线 - 接口: COM6, 波特率: 500000
2024-12-06 17:04:23 - ERROR - CAN通信错误: could not open port 'COM6': PermissionError(13, '拒绝访问。', None, 5)
2024-12-06 17:04:23 - ERROR - could not open port 'COM6': PermissionError(13, '拒绝访问。', None, 5)
2024-12-06 17:04:30 - INFO - 停止监控CAN总线
2024-12-06 17:04:35 - INFO - 发现可用串口: COM6
2024-12-06 17:04:40 - INFO - 开始监控CAN总线 - 接口: COM6, 波特率: 500000
2024-12-06 17:04:43 - INFO - 接收: ID=0x404, 数据=C0 00 7E 61 32 00 DF 00
2024-12-06 17:04:43 - INFO - 接收: ID=0x502, 数据=D7 FF 00 00 00 00 00 00
2024-12-06 17:04:43 - INFO - 接收: ID=0x505, 数据=D3 FF 00 00 00 00 00 00
2024-12-06 17:04:43 - INFO - 接收: ID=0x706, 数据=05
2024-12-06 17:04:43 - INFO - 接收: ID=0x508, 数据=E0 FF 00 00 00 00 00 00
2024-12-06 17:04:43 - INFO - 接收: ID=0x703, 数据=05
2024-12-06 17:04:43 - INFO - 接收: ID=0x408, 数据=C0 00 1C 61 32 00 E4 00
2024-12-06 17:04:43 - INFO - 接收: ID=0x750, 数据=05
2024-12-06 17:04:43 - INFO - 接收: ID=0x503, 数据=FE FF 00 00 00 00 00 00
2024-12-06 17:04:43 - INFO - 接收: ID=0x704, 数据=05
2024-12-06 17:04:43 - INFO - 接收: ID=0x401, 数据=C0 00 D8 60 44 00 DC 00
2024-12-06 17:04:43 - INFO - 接收: ID=0x407, 数据=C0 00 A2 61 32 00 E2 00
2024-12-06 17:04:43 - INFO - 接收: ID=0x403, 数据=C0 00 FD 5F 32 00 E0 00
2024-12-06 17:04:43 - INFO - 接收: ID=0x702, 数据=05
2024-12-06 17:04:43 - INFO - 接收: ID=0x406, 数据=C0 00 60 60 3A 00 E3 00
2024-12-06 17:04:43 - INFO - 接收: ID=0x405, 数据=C0 00 15 61 32 00 E4 00
2024-12-06 17:04:43 - INFO - 接收: ID=0x701, 数据=05
2024-12-06 17:04:43 - INFO - 接收: ID=0x501, 数据=01 00 00 00 00 00 00 00
2024-12-06 17:04:43 - INFO - 接收: ID=0x402, 数据=C0 00 05 62 34 00 E4 00
2024-12-06 17:04:43 - INFO - 接收: ID=0x707, 数据=05
2024-12-06 17:04:43 - INFO - 接收: ID=0x507, 数据=FF FF 00 00 00 00 00 00
2024-12-06 17:04:43 - INFO - 接收: ID=0x504, 数据=00 00 00 00 00 00 00 00
2024-12-06 17:04:43 - INFO - 接收: ID=0x506, 数据=07 00 00 00 00 00 00 00
2024-12-06 17:04:43 - INFO - 接收: ID=0x502, 数据=D7 FF 00 00 00 00 00 00
2024-12-06 17:04:43 - INFO - 接收: ID=0x708, 数据=05
2024-12-06 17:04:43 - INFO - 接收: ID=0x703, 数据=05
2024-12-06 17:04:43 - INFO - 接收: ID=0x705, 数据=05
2024-12-06 17:04:43 - INFO - 接收: ID=0x503, 数据=FE FF 00 00 00 00 00 00
2024-12-06 17:04:43 - INFO - 接收: ID=0x404, 数据=C0 00 7E 61 32 00 DF 00
2024-12-06 17:04:43 - INFO - 接收: ID=0x706, 数据=05
2024-12-06 17:04:43 - INFO - 接收: ID=0x70E, 数据=05
2024-12-06 17:04:43 - INFO - 接收: ID=0x401, 数据=C0 00 D7 60 44 00 DC 00
2024-12-06 17:04:43 - INFO - 接收: ID=0x407, 数据=C0 00 A2 61 32 00 E2 00
2024-12-06 17:04:43 - INFO - 接收: ID=0x505, 数据=D3 FF 00 00 00 00 00 00
2024-12-06 17:04:43 - INFO - 接收: ID=0x403, 数据=C0 00 FD 5F 30 00 E0 00
2024-12-06 17:04:43 - INFO - 接收: ID=0x702, 数据=05
2024-12-06 17:04:43 - INFO - 接收: ID=0x701, 数据=05
2024-12-06 17:04:43 - INFO - 接收: ID=0x501, 数据=01 00 00 00 00 00 00 00
2024-12-06 17:04:43 - INFO - 接收: ID=0x402, 数据=C0 00 05 62 34 00 E4 00
2024-12-06 17:04:43 - INFO - 接收: ID=0x707, 数据=05
2024-12-06 17:04:43 - INFO - 接收: ID=0x704, 数据=05
2024-12-06 17:04:43 - INFO - 接收: ID=0x507, 数据=FF FF 00 00 00 00 00 00
2024-12-06 17:04:44 - INFO - 接收: ID=0x406, 数据=C0 00 60 60 3A 00 E3 00
2024-12-06 17:04:44 - INFO - 接收: ID=0x508, 数据=E0 FF 00 00 00 00 00 00
2024-12-06 17:04:44 - INFO - 接收: ID=0x502, 数据=D7 FF 00 00 00 00 00 00
2024-12-06 17:04:44 - INFO - 接收: ID=0x408, 数据=C0 00 1C 61 32 00 E4 00
2024-12-06 17:04:44 - INFO - 接收: ID=0x703, 数据=05
2024-12-06 17:04:44 - INFO - 接收: ID=0x405, 数据=C0 00 30 61 30 00 E4 00
2024-12-06 17:04:44 - INFO - 接收: ID=0x504, 数据=00 00 00 00 00 00 00 00
2024-12-06 17:04:44 - INFO - 接收: ID=0x506, 数据=07 00 00 00 00 00 00 00
2024-12-06 17:04:44 - INFO - 接收: ID=0x750, 数据=05
2024-12-06 17:04:44 - INFO - 接收: ID=0x503, 数据=FE FF 00 00 00 00 00 00
2024-12-06 17:04:44 - INFO - 接收: ID=0x407, 数据=C0 00 AA 61 32 00 E2 00
2024-12-06 17:04:44 - INFO - 接收: ID=0x401, 数据=C0 00 D4 60 44 00 DC 00
2024-12-06 17:04:44 - INFO - 接收: ID=0x403, 数据=C0 00 FE 5F 32 00 E0 00
2024-12-06 17:04:44 - INFO - 接收: ID=0x706, 数据=05
2024-12-06 17:04:44 - INFO - 接收: ID=0x702, 数据=05
2024-12-06 17:04:44 - INFO - 接收: ID=0x404, 数据=C0 00 7E 61 32 00 DF 00
2024-12-06 17:04:44 - INFO - 接收: ID=0x701, 数据=05
2024-12-06 17:04:44 - INFO - 接收: ID=0x501, 数据=01 00 00 00 00 00 00 00
2024-12-06 17:04:44 - INFO - 接收: ID=0x402, 数据=C0 00 05 62 34 00 E4 00
2024-12-06 17:04:44 - INFO - 接收: ID=0x707, 数据=05
2024-12-06 17:04:44 - INFO - 接收: ID=0x705, 数据=05
2024-12-06 17:04:44 - INFO - 接收: ID=0x507, 数据=FF FF 00 00 00 00 00 00
2024-12-06 17:04:44 - INFO - 接收: ID=0x708, 数据=05
2024-12-06 17:04:44 - INFO - 接收: ID=0x502, 数据=D7 FF 00 00 00 00 00 00
2024-12-06 17:04:44 - INFO - 接收: ID=0x505, 数据=D3 FF 00 00 00 00 00 00
2024-12-06 17:04:44 - INFO - 接收: ID=0x704, 数据=05
2024-12-06 17:04:44 - INFO - 接收: ID=0x703, 数据=05
2024-12-06 17:04:44 - INFO - 接收: ID=0x406, 数据=C0 00 60 60 3A 00 E3 00
2024-12-06 17:04:44 - INFO - 接收: ID=0x503, 数据=FE FF 00 00 00 00 00 00
2024-12-06 17:04:44 - INFO - 接收: ID=0x506, 数据=07 00 00 00 00 00 00 00
2024-12-06 17:04:44 - INFO - 接收: ID=0x407, 数据=C0 00 A2 61 32 00 E2 00
2024-12-06 17:04:44 - INFO - 接收: ID=0x401, 数据=C0 00 D4 60 44 00 DC 00
2024-12-06 17:04:44 - INFO - 接收: ID=0x504, 数据=00 00 00 00 00 00 00 00
2024-12-06 17:04:44 - INFO - 接收: ID=0x403, 数据=C0 00 FD 5F 30 00 E0 00
2024-12-06 17:04:44 - INFO - 接收: ID=0x702, 数据=05
2024-12-06 17:04:44 - INFO - 接收: ID=0x405, 数据=C0 00 18 61 32 00 E4 00
2024-12-06 17:04:44 - INFO - 接收: ID=0x701, 数据=05
2024-12-06 17:04:44 - INFO - 接收: ID=0x501, 数据=01 00 00 00 00 00 00 00
2024-12-06 17:04:44 - INFO - 接收: ID=0x402, 数据=C0 00 05 62 34 00 E4 00
2024-12-06 17:04:44 - INFO - 接收: ID=0x508, 数据=E0 FF 00 00 00 00 00 00
2024-12-06 17:04:44 - INFO - 接收: ID=0x707, 数据=05
2024-12-06 17:04:44 - INFO - 接收: ID=0x507, 数据=FF FF 00 00 00 00 00 00
2024-12-06 17:04:44 - INFO - 接收: ID=0x408, 数据=C0 00 1D 61 32 00 E4 00
2024-12-06 17:04:44 - INFO - 接收: ID=0x706, 数据=05
2024-12-06 17:04:45 - INFO - 接收: ID=0x502, 数据=D7 FF 00 00 00 00 00 00
2024-12-06 17:04:45 - INFO - 接收: ID=0x404, 数据=C0 00 7E 61 32 00 DF 00
2024-12-06 17:04:45 - INFO - 接收: ID=0x703, 数据=05
2024-12-06 17:04:45 - INFO - 接收: ID=0x750, 数据=05
2024-12-06 17:04:45 - INFO - 接收: ID=0x705, 数据=05
2024-12-06 17:04:45 - INFO - 接收: ID=0x503, 数据=FE FF 00 00 00 00 00 00
2024-12-06 17:04:45 - INFO - 接收: ID=0x406, 数据=C0 00 60 60 3A 00 E3 00
2024-12-06 17:04:45 - INFO - 接收: ID=0x704, 数据=05
2024-12-06 17:04:45 - INFO - 接收: ID=0x407, 数据=C0 00 A7 61 32 00 E2 00
2024-12-06 17:04:45 - INFO - 接收: ID=0x401, 数据=C0 00 D4 60 44 00 DC 00
2024-12-06 17:04:45 - INFO - 接收: ID=0x403, 数据=C0 00 FD 5F 30 00 E0 00
2024-12-06 17:04:45 - INFO - 接收: ID=0x505, 数据=D3 FF 00 00 00 00 00 00
2024-12-06 17:04:45 - INFO - 接收: ID=0x702, 数据=05
2024-12-06 17:04:45 - INFO - 接收: ID=0x701, 数据=05
2024-12-06 17:04:45 - INFO - 接收: ID=0x501, 数据=01 00 00 00 00 00 00 00
2024-12-06 17:04:45 - INFO - 接收: ID=0x402, 数据=C0 00 05 62 34 00 E4 00
2024-12-06 17:04:45 - INFO - 接收: ID=0x707, 数据=05
2024-12-06 17:04:45 - INFO - 接收: ID=0x708, 数据=05
2024-12-06 17:04:45 - INFO - 接收: ID=0x506, 数据=07 00 00 00 00 00 00 00
2024-12-06 17:04:45 - INFO - 接收: ID=0x507, 数据=FF FF 00 00 00 00 00 00
2024-12-06 17:04:45 - INFO - 接收: ID=0x504, 数据=00 00 00 00 00 00 00 00
2024-12-06 17:04:45 - INFO - 接收: ID=0x502, 数据=D7 FF 00 00 00 00 00 00
2024-12-06 17:04:45 - INFO - 接收: ID=0x706, 数据=05
2024-12-06 17:04:45 - INFO - 接收: ID=0x703, 数据=05
2024-12-06 17:04:45 - INFO - 接收: ID=0x405, 数据=C0 00 13 61 32 00 E4 00
2024-12-06 17:04:45 - INFO - 接收: ID=0x503, 数据=FE FF 00 00 00 00 00 00
2024-12-06 17:04:45 - INFO - 接收: ID=0x404, 数据=C0 00 7E 61 32 00 DF 00
2024-12-06 17:04:45 - INFO - 接收: ID=0x407, 数据=C0 00 A2 61 32 00 E2 00
2024-12-06 17:04:45 - INFO - 接收: ID=0x401, 数据=C0 00 D7 60 44 00 DC 00
2024-12-06 17:04:45 - INFO - 接收: ID=0x508, 数据=E0 FF 00 00 00 00 00 00
2024-12-06 17:04:45 - INFO - 接收: ID=0x403, 数据=C0 00 FD 5F 30 00 E0 00
2024-12-06 17:04:45 - INFO - 接收: ID=0x702, 数据=05
2024-12-06 17:04:45 - INFO - 接收: ID=0x408, 数据=C0 00 1B 61 32 00 E4 00
2024-12-06 17:04:45 - INFO - 接收: ID=0x406, 数据=C0 00 60 60 3A 00 E3 00
2024-12-06 17:04:45 - INFO - 接收: ID=0x701, 数据=05
2024-12-06 17:04:45 - INFO - 接收: ID=0x501, 数据=01 00 00 00 00 00 00 00
2024-12-06 17:04:45 - INFO - 接收: ID=0x402, 数据=C0 00 04 62 34 00 E4 00
2024-12-06 17:04:45 - INFO - 接收: ID=0x707, 数据=05
2024-12-06 17:04:45 - INFO - 接收: ID=0x507, 数据=FF FF 00 00 00 00 00 00
2024-12-06 17:04:45 - INFO - 接收: ID=0x705, 数据=05
2024-12-06 17:04:45 - INFO - 接收: ID=0x704, 数据=05
2024-12-06 17:04:46 - INFO - 接收: ID=0x502, 数据=D7 FF 00 00 00 00 00 00
2024-12-06 17:04:46 - INFO - 接收: ID=0x506, 数据=07 00 00 00 00 00 00 00
2024-12-06 17:04:46 - INFO - 接收: ID=0x505, 数据=D3 FF 00 00 00 00 00 00
2024-12-06 17:04:46 - INFO - 接收: ID=0x703, 数据=05
2024-12-06 17:04:46 - INFO - 接收: ID=0x750, 数据=05
2024-12-06 17:04:46 - INFO - 接收: ID=0x503, 数据=FE FF 00 00 00 00 00 00
2024-12-06 17:04:46 - INFO - 接收: ID=0x504, 数据=00 00 00 00 00 00 00 00
2024-12-06 17:04:46 - INFO - 接收: ID=0x706, 数据=05
2024-12-06 17:04:46 - INFO - 接收: ID=0x407, 数据=C0 00 A2 61 32 00 E2 00
2024-12-06 17:04:46 - INFO - 接收: ID=0x401, 数据=C0 00 D6 60 44 00 DC 00
2024-12-06 17:04:46 - INFO - 接收: ID=0x708, 数据=05
2024-12-06 17:04:46 - INFO - 接收: ID=0x403, 数据=C0 00 FC 5F 30 00 E0 00
2024-12-06 17:04:46 - INFO - 接收: ID=0x702, 数据=05
2024-12-06 17:04:46 - INFO - 接收: ID=0x701, 数据=05
2024-12-06 17:04:46 - INFO - 接收: ID=0x405, 数据=C0 00 13 61 32 00 E4 00
2024-12-06 17:04:46 - INFO - 接收: ID=0x70D, 数据=05
2024-12-06 17:04:46 - INFO - 接收: ID=0x501, 数据=01 00 00 00 00 00 00 00
2024-12-06 17:04:46 - INFO - 接收: ID=0x402, 数据=C0 00 05 62 34 00 E4 00
2024-12-06 17:04:46 - INFO - 接收: ID=0x707, 数据=05
2024-12-06 17:04:46 - INFO - 接收: ID=0x404, 数据=C0 00 7E 61 32 00 DF 00
2024-12-06 17:04:46 - INFO - 接收: ID=0x507, 数据=FF FF 00 00 00 00 00 00
2024-12-06 17:04:46 - INFO - 接收: ID=0x406, 数据=C0 00 60 60 3A 00 E3 00
2024-12-06 17:04:46 - INFO - 接收: ID=0x502, 数据=D7 FF 00 00 00 00 00 00
2024-12-06 17:04:46 - INFO - 接收: ID=0x703, 数据=05
2024-12-06 17:04:46 - INFO - 接收: ID=0x704, 数据=05
2024-12-06 17:04:46 - INFO - 接收: ID=0x506, 数据=07 00 00 00 00 00 00 00
2024-12-06 17:04:46 - INFO - 接收: ID=0x503, 数据=FE FF 00 00 00 00 00 00
2024-12-06 17:04:46 - INFO - 接收: ID=0x705, 数据=05
2024-12-06 17:04:46 - INFO - 接收: ID=0x508, 数据=E0 FF 00 00 00 00 00 00
2024-12-06 17:04:46 - INFO - 接收: ID=0x408, 数据=C0 00 1C 61 32 00 E4 00
2024-12-06 17:04:46 - INFO - 接收: ID=0x407, 数据=C0 00 AB 61 33 00 E2 00
2024-12-06 17:04:46 - INFO - 接收: ID=0x401, 数据=C0 00 D6 60 44 00 DC 00
2024-12-06 17:04:46 - INFO - 接收: ID=0x403, 数据=C0 00 FD 5F 32 00 E0 00
2024-12-06 17:04:46 - INFO - 接收: ID=0x505, 数据=D3 FF 00 00 00 00 00 00
2024-12-06 17:04:46 - INFO - 接收: ID=0x702, 数据=05
2024-12-06 17:04:46 - INFO - 接收: ID=0x706, 数据=05
2024-12-06 17:04:46 - INFO - 接收: ID=0x504, 数据=00 00 00 00 00 00 00 00
2024-12-06 17:04:46 - INFO - 接收: ID=0x701, 数据=05
2024-12-06 17:04:46 - INFO - 接收: ID=0x402, 数据=C0 00 05 62 34 00 E4 00
2024-12-06 17:04:46 - INFO - 接收: ID=0x501, 数据=01 00 00 00 00 00 00 00
2024-12-06 17:04:46 - INFO - 接收: ID=0x707, 数据=05
2024-12-06 17:04:46 - INFO - 接收: ID=0x507, 数据=FF FF 00 00 00 00 00 00
2024-12-06 17:04:47 - INFO - 接收: ID=0x502, 数据=D7 FF 00 00 00 00 00 00
2024-12-06 17:04:47 - INFO - 接收: ID=0x404, 数据=C0 00 7E 61 32 00 DF 00
2024-12-06 17:04:47 - INFO - 接收: ID=0x703, 数据=05
2024-12-06 17:04:47 - INFO - 接收: ID=0x406, 数据=C0 00 60 60 3B 00 E3 00
2024-12-06 17:04:47 - INFO - 接收: ID=0x405, 数据=C0 00 13 61 30 00 E4 00
2024-12-06 17:04:47 - INFO - 接收: ID=0x750, 数据=05
2024-12-06 17:04:47 - INFO - 接收: ID=0x503, 数据=FE FF 00 00 00 00 00 00
2024-12-06 17:04:47 - INFO - 接收: ID=0x708, 数据=05
2024-12-06 17:04:47 - INFO - 接收: ID=0x506, 数据=07 00 00 00 00 00 00 00
2024-12-06 17:04:47 - INFO - 接收: ID=0x407, 数据=C0 00 A2 61 32 00 E2 00
2024-12-06 17:04:47 - INFO - 接收: ID=0x401, 数据=C0 00 D7 60 44 00 DC 00
2024-12-06 17:04:47 - INFO - 接收: ID=0x403, 数据=C0 00 FD 5F 30 00 E0 00
2024-12-06 17:04:47 - INFO - 接收: ID=0x704, 数据=05
2024-12-06 17:04:47 - INFO - 接收: ID=0x702, 数据=05
2024-12-06 17:04:47 - INFO - 接收: ID=0x701, 数据=05
2024-12-06 17:04:47 - INFO - 接收: ID=0x402, 数据=C0 00 05 62 34 00 E4 00
2024-12-06 17:04:47 - INFO - 接收: ID=0x501, 数据=01 00 00 00 00 00 00 00
2024-12-06 17:04:47 - INFO - 接收: ID=0x707, 数据=05
2024-12-06 17:04:47 - INFO - 接收: ID=0x507, 数据=FF FF 00 00 00 00 00 00
2024-12-06 17:04:47 - INFO - 接收: ID=0x705, 数据=05
2024-12-06 17:04:47 - INFO - 接收: ID=0x706, 数据=05
2024-12-06 17:04:47 - INFO - 接收: ID=0x502, 数据=D7 FF 00 00 00 00 00 00
2024-12-06 17:04:47 - INFO - 接收: ID=0x504, 数据=00 00 00 00 00 00 00 00
2024-12-06 17:04:47 - INFO - 接收: ID=0x505, 数据=D3 FF 00 00 00 00 00 00
2024-12-06 17:04:47 - INFO - 接收: ID=0x508, 数据=E0 FF 00 00 00 00 00 00
2024-12-06 17:04:47 - INFO - 接收: ID=0x703, 数据=05
2024-12-06 17:04:47 - INFO - 接收: ID=0x408, 数据=C0 00 1C 61 32 00 E4 00
2024-12-06 17:04:47 - INFO - 接收: ID=0x503, 数据=FE FF 00 00 00 00 00 00
2024-12-06 17:04:47 - INFO - 接收: ID=0x406, 数据=C0 00 60 60 3B 00 E3 00
2024-12-06 17:04:47 - INFO - 接收: ID=0x404, 数据=C0 00 7E 61 32 00 DF 00
2024-12-06 17:04:47 - INFO - 接收: ID=0x407, 数据=C0 00 A2 61 32 00 E2 00
2024-12-06 17:04:47 - INFO - 接收: ID=0x401, 数据=C0 00 DD 60 44 00 DC 00
2024-12-06 17:04:47 - INFO - 接收: ID=0x403, 数据=C0 00 FD 5F 30 00 E0 00
2024-12-06 17:04:47 - INFO - 接收: ID=0x702, 数据=05
2024-12-06 17:04:47 - INFO - 接收: ID=0x701, 数据=05
2024-12-06 17:04:47 - INFO - 接收: ID=0x405, 数据=C0 00 13 61 32 00 E4 00
2024-12-06 17:04:47 - INFO - 接收: ID=0x402, 数据=C0 00 05 62 34 00 E4 00
2024-12-06 17:04:47 - INFO - 接收: ID=0x501, 数据=01 00 00 00 00 00 00 00
2024-12-06 17:04:47 - INFO - 接收: ID=0x707, 数据=05
2024-12-06 17:04:47 - INFO - 接收: ID=0x507, 数据=FF FF 00 00 00 00 00 00
2024-12-06 17:04:47 - INFO - 接收: ID=0x506, 数据=07 00 00 00 00 00 00 00
2024-12-06 17:04:48 - INFO - 接收: ID=0x704, 数据=05
2024-12-06 17:04:48 - INFO - 接收: ID=0x502, 数据=D7 FF 00 00 00 00 00 00
2024-12-06 17:04:48 - INFO - 接收: ID=0x706, 数据=05
2024-12-06 17:04:48 - INFO - 接收: ID=0x708, 数据=05
2024-12-06 17:04:48 - INFO - 接收: ID=0x703, 数据=05
2024-12-06 17:04:48 - INFO - 接收: ID=0x503, 数据=FE FF 00 00 00 00 00 00
2024-12-06 17:04:48 - INFO - 接收: ID=0x750, 数据=05
2024-12-06 17:04:48 - INFO - 接收: ID=0x705, 数据=05
2024-12-06 17:04:48 - INFO - 接收: ID=0x504, 数据=00 00 00 00 00 00 00 00
2024-12-06 17:04:48 - INFO - 接收: ID=0x407, 数据=C0 00 A2 61 32 00 E2 00
2024-12-06 17:04:48 - INFO - 接收: ID=0x401, 数据=C0 00 D8 60 44 00 DC 00
2024-12-06 17:04:48 - INFO - 接收: ID=0x403, 数据=C0 00 FD 5F 30 00 E0 00
2024-12-06 17:04:48 - INFO - 接收: ID=0x505, 数据=D3 FF 00 00 00 00 00 00
2024-12-06 17:04:48 - INFO - 接收: ID=0x702, 数据=05
2024-12-06 17:04:48 - INFO - 接收: ID=0x406, 数据=C0 00 60 60 3A 00 E3 00
2024-12-06 17:04:48 - INFO - 接收: ID=0x701, 数据=05
2024-12-06 17:04:48 - INFO - 接收: ID=0x402, 数据=C0 00 05 62 34 00 E4 00
2024-12-06 17:04:48 - INFO - 接收: ID=0x501, 数据=01 00 00 00 00 00 00 00
2024-12-06 17:04:48 - INFO - 接收: ID=0x707, 数据=05
2024-12-06 17:04:48 - INFO - 接收: ID=0x507, 数据=FF FF 00 00 00 00 00 00
2024-12-06 17:04:48 - INFO - 接收: ID=0x404, 数据=C0 00 7E 61 32 00 DF 00
2024-12-06 17:04:48 - INFO - 接收: ID=0x508, 数据=E0 FF 00 00 00 00 00 00
2024-12-06 17:04:48 - INFO - 接收: ID=0x502, 数据=D7 FF 00 00 00 00 00 00
2024-12-06 17:04:48 - INFO - 接收: ID=0x506, 数据=07 00 00 00 00 00 00 00
2024-12-06 17:04:48 - INFO - 接收: ID=0x408, 数据=C0 00 1C 61 32 00 E4 00
2024-12-06 17:04:48 - INFO - 接收: ID=0x703, 数据=05
2024-12-06 17:04:48 - INFO - 接收: ID=0x405, 数据=C0 00 13 61 30 00 E4 00
2024-12-06 17:04:48 - INFO - 接收: ID=0x503, 数据=FE FF 00 00 00 00 00 00
2024-12-06 17:04:48 - INFO - 接收: ID=0x704, 数据=05
2024-12-06 17:04:48 - INFO - 接收: ID=0x706, 数据=05
2024-12-06 17:04:48 - INFO - 接收: ID=0x407, 数据=C0 00 AA 61 33 00 E2 00
2024-12-06 17:04:48 - INFO - 接收: ID=0x401, 数据=C0 00 D5 60 44 00 DC 00
2024-12-06 17:04:48 - INFO - 接收: ID=0x70E, 数据=05
2024-12-06 17:04:48 - INFO - 接收: ID=0x403, 数据=C0 00 FD 5F 30 00 E0 00
2024-12-06 17:04:48 - INFO - 接收: ID=0x702, 数据=05
2024-12-06 17:04:48 - INFO - 接收: ID=0x701, 数据=05
2024-12-06 17:04:48 - INFO - 接收: ID=0x402, 数据=C0 00 05 62 34 00 E4 00
2024-12-06 17:04:48 - INFO - 接收: ID=0x501, 数据=01 00 00 00 00 00 00 00
2024-12-06 17:04:48 - INFO - 接收: ID=0x707, 数据=05
2024-12-06 17:04:48 - INFO - 接收: ID=0x504, 数据=00 00 00 00 00 00 00 00
2024-12-06 17:04:48 - INFO - 接收: ID=0x507, 数据=FF FF 00 00 00 00 00 00
2024-12-06 17:04:48 - INFO - 接收: ID=0x705, 数据=05
2024-12-06 17:04:49 - INFO - 接收: ID=0x406, 数据=C0 00 60 60 3B 00 E3 00
2024-12-06 17:04:49 - INFO - 接收: ID=0x708, 数据=05
2024-12-06 17:04:49 - INFO - 接收: ID=0x502, 数据=D7 FF 00 00 00 00 00 00
2024-12-06 17:04:49 - INFO - 接收: ID=0x505, 数据=D3 FF 00 00 00 00 00 00
2024-12-06 17:04:49 - INFO - 接收: ID=0x703, 数据=05
2024-12-06 17:04:49 - INFO - 接收: ID=0x404, 数据=C0 00 7E 61 32 00 DF 00
2024-12-06 17:04:49 - INFO - 接收: ID=0x506, 数据=07 00 00 00 00 00 00 00
2024-12-06 17:04:49 - INFO - 接收: ID=0x503, 数据=FE FF 00 00 00 00 00 00
2024-12-06 17:04:49 - INFO - 接收: ID=0x750, 数据=05
2024-12-06 17:04:49 - INFO - 接收: ID=0x407, 数据=C0 00 A2 61 32 00 E2 00
2024-12-06 17:04:49 - INFO - 接收: ID=0x401, 数据=C0 00 D5 60 42 00 DC 00
2024-12-06 17:04:49 - INFO - 接收: ID=0x403, 数据=C0 00 FD 5F 30 00 E0 00
2024-12-06 17:04:49 - INFO - 接收: ID=0x702, 数据=05
2024-12-06 17:04:49 - INFO - 接收: ID=0x706, 数据=05
2024-12-06 17:04:49 - INFO - 接收: ID=0x701, 数据=05
2024-12-06 17:04:49 - INFO - 接收: ID=0x402, 数据=C0 00 05 62 34 00 E4 00
2024-12-06 17:04:49 - INFO - 接收: ID=0x405, 数据=C0 00 13 61 30 00 E4 00
2024-12-06 17:04:49 - INFO - 接收: ID=0x704, 数据=05
2024-12-06 17:04:49 - INFO - 接收: ID=0x501, 数据=01 00 00 00 00 00 00 00
2024-12-06 17:04:49 - INFO - 接收: ID=0x707, 数据=05
2024-12-06 17:04:49 - INFO - 接收: ID=0x508, 数据=E0 FF 00 00 00 00 00 00
2024-12-06 17:04:49 - INFO - 接收: ID=0x507, 数据=FF FF 00 00 00 00 00 00
2024-12-06 17:04:49 - INFO - 接收: ID=0x408, 数据=C0 00 1C 61 32 00 E4 00
2024-12-06 17:04:49 - INFO - 接收: ID=0x502, 数据=D7 FF 00 00 00 00 00 00
2024-12-06 17:04:49 - INFO - 接收: ID=0x504, 数据=00 00 00 00 00 00 00 00
2024-12-06 17:04:49 - INFO - 接收: ID=0x703, 数据=05
2024-12-06 17:04:49 - INFO - 接收: ID=0x406, 数据=C0 00 60 60 3A 00 E3 00
2024-12-06 17:04:49 - INFO - 接收: ID=0x503, 数据=FE FF 00 00 00 00 00 00
2024-12-06 17:04:49 - INFO - 接收: ID=0x705, 数据=05
2024-12-06 17:04:49 - INFO - 接收: ID=0x407, 数据=C0 00 BD 61 32 00 E2 00
2024-12-06 17:04:49 - INFO - 接收: ID=0x506, 数据=07 00 00 00 00 00 00 00
2024-12-06 17:04:49 - INFO - 接收: ID=0x401, 数据=C0 00 D4 60 44 00 DC 00
2024-12-06 17:04:49 - INFO - 接收: ID=0x403, 数据=C0 00 0D 60 32 00 E0 00
2024-12-06 17:04:49 - INFO - 接收: ID=0x702, 数据=05
2024-12-06 17:04:49 - INFO - 接收: ID=0x505, 数据=D3 FF 00 00 00 00 00 00
2024-12-06 17:04:49 - INFO - 接收: ID=0x404, 数据=C0 00 7E 61 32 00 DF 00
2024-12-06 17:04:49 - INFO - 接收: ID=0x701, 数据=05
2024-12-06 17:04:49 - INFO - 接收: ID=0x402, 数据=C0 00 05 62 34 00 E4 00
2024-12-06 17:04:49 - INFO - 接收: ID=0x501, 数据=01 00 00 00 00 00 00 00
2024-12-06 17:04:49 - INFO - 接收: ID=0x707, 数据=05
2024-12-06 17:04:49 - INFO - 接收: ID=0x708, 数据=05
2024-12-06 17:04:49 - INFO - 接收: ID=0x507, 数据=FF FF 00 00 00 00 00 00
2024-12-06 17:04:49 - INFO - 接收: ID=0x706, 数据=05
2024-12-06 17:04:50 - INFO - 接收: ID=0x502, 数据=D7 FF 00 00 00 00 00 00
2024-12-06 17:04:50 - INFO - 接收: ID=0x704, 数据=05
2024-12-06 17:04:50 - INFO - 接收: ID=0x703, 数据=05
2024-12-06 17:04:50 - INFO - 接收: ID=0x405, 数据=C0 00 13 61 32 00 E4 00
2024-12-06 17:04:50 - INFO - 接收: ID=0x503, 数据=FE FF 00 00 00 00 00 00
2024-12-06 17:04:50 - INFO - 接收: ID=0x750, 数据=05
2024-12-06 17:04:50 - INFO - 接收: ID=0x406, 数据=C0 00 60 60 3A 00 E3 00
2024-12-06 17:04:50 - INFO - 接收: ID=0x504, 数据=00 00 00 00 00 00 00 00
2024-12-06 17:04:50 - INFO - 接收: ID=0x407, 数据=C0 00 A2 61 32 00 E2 00
2024-12-06 17:04:50 - INFO - 接收: ID=0x401, 数据=C0 00 D5 60 44 00 DC 00
2024-12-06 17:04:50 - INFO - 接收: ID=0x508, 数据=E0 FF 00 00 00 00 00 00
2024-12-06 17:04:50 - INFO - 接收: ID=0x403, 数据=C0 00 FD 5F 30 00 E0 00
2024-12-06 17:04:50 - INFO - 接收: ID=0x702, 数据=05
2024-12-06 17:04:50 - INFO - 接收: ID=0x408, 数据=C0 00 1C 61 32 00 E4 00
2024-12-06 17:04:50 - INFO - 接收: ID=0x701, 数据=05
2024-12-06 17:04:50 - INFO - 接收: ID=0x402, 数据=C0 00 05 62 34 00 E4 00
2024-12-06 17:04:50 - INFO - 接收: ID=0x501, 数据=01 00 00 00 00 00 00 00
2024-12-06 17:04:50 - INFO - 接收: ID=0x707, 数据=05
2024-12-06 17:04:50 - INFO - 接收: ID=0x507, 数据=FF FF 00 00 00 00 00 00
2024-12-06 17:04:50 - INFO - 接收: ID=0x506, 数据=07 00 00 00 00 00 00 00
2024-12-06 17:04:50 - INFO - 接收: ID=0x705, 数据=05
2024-12-06 17:04:50 - INFO - 接收: ID=0x502, 数据=D7 FF 00 00 00 00 00 00
2024-12-06 17:04:50 - INFO - 接收: ID=0x404, 数据=C0 00 7E 61 32 00 DF 00
2024-12-06 17:04:50 - INFO - 接收: ID=0x505, 数据=D3 FF 00 00 00 00 00 00
2024-12-06 17:04:50 - INFO - 接收: ID=0x706, 数据=05
2024-12-06 17:04:50 - INFO - 接收: ID=0x703, 数据=05
2024-12-06 17:04:50 - INFO - 接收: ID=0x503, 数据=FE FF 00 00 00 00 00 00
2024-12-06 17:04:50 - INFO - 接收: ID=0x704, 数据=05
2024-12-06 17:04:50 - INFO - 接收: ID=0x407, 数据=C0 00 B7 61 32 00 E2 00
2024-12-06 17:04:50 - INFO - 接收: ID=0x401, 数据=C0 00 D4 60 44 00 DC 00
2024-12-06 17:04:50 - INFO - 接收: ID=0x708, 数据=05
2024-12-06 17:04:50 - INFO - 接收: ID=0x403, 数据=C0 00 FD 5F 30 00 E0 00
2024-12-06 17:04:50 - INFO - 接收: ID=0x702, 数据=05
2024-12-06 17:04:50 - INFO - 接收: ID=0x701, 数据=05
2024-12-06 17:04:50 - INFO - 接收: ID=0x406, 数据=C0 00 60 60 3B 00 E3 00
2024-12-06 17:04:50 - INFO - 接收: ID=0x402, 数据=C0 00 05 62 34 00 E4 00
2024-12-06 17:04:50 - INFO - 接收: ID=0x405, 数据=C0 00 13 61 32 00 E4 00
2024-12-06 17:04:50 - INFO - 接收: ID=0x501, 数据=01 00 00 00 00 00 00 00
2024-12-06 17:04:50 - INFO - 接收: ID=0x707, 数据=05
2024-12-06 17:04:50 - INFO - 接收: ID=0x507, 数据=FF FF 00 00 00 00 00 00
2024-12-06 17:04:50 - INFO - 接收: ID=0x504, 数据=00 00 00 00 00 00 00 00
2024-12-06 17:04:51 - INFO - 接收: ID=0x502, 数据=D7 FF 00 00 00 00 00 00
2024-12-06 17:04:51 - INFO - 接收: ID=0x506, 数据=07 00 00 00 00 00 00 00
2024-12-06 17:04:51 - INFO - 接收: ID=0x703, 数据=05
2024-12-06 17:04:51 - INFO - 接收: ID=0x503, 数据=FE FF 00 00 00 00 00 00
2024-12-06 17:04:51 - INFO - 接收: ID=0x750, 数据=05
2024-12-06 17:04:51 - INFO - 接收: ID=0x705, 数据=05
2024-12-06 17:04:51 - INFO - 接收: ID=0x404, 数据=C0 00 7E 61 32 00 DF 00
2024-12-06 17:04:51 - INFO - 接收: ID=0x508, 数据=E0 FF 00 00 00 00 00 00
2024-12-06 17:04:51 - INFO - 接收: ID=0x706, 数据=05
2024-12-06 17:04:51 - INFO - 接收: ID=0x408, 数据=C0 00 31 61 32 00 E4 00
2024-12-06 17:04:51 - INFO - 接收: ID=0x407, 数据=C0 00 A2 61 32 00 E2 00
2024-12-06 17:04:51 - INFO - 接收: ID=0x401, 数据=C0 00 D4 60 44 00 DC 00
2024-12-06 17:04:51 - INFO - 接收: ID=0x403, 数据=C0 00 FD 5F 32 00 E0 00
2024-12-06 17:04:51 - INFO - 接收: ID=0x702, 数据=05
2024-12-06 17:04:51 - INFO - 接收: ID=0x505, 数据=D3 FF 00 00 00 00 00 00
2024-12-06 17:04:51 - INFO - 接收: ID=0x701, 数据=05
2024-12-06 17:04:51 - INFO - 接收: ID=0x402, 数据=C0 00 05 62 34 00 E4 00
2024-12-06 17:04:51 - INFO - 接收: ID=0x70D, 数据=05
2024-12-06 17:04:51 - INFO - 接收: ID=0x501, 数据=01 00 00 00 00 00 00 00
2024-12-06 17:04:51 - INFO - 接收: ID=0x707, 数据=05
2024-12-06 17:04:51 - INFO - 接收: ID=0x507, 数据=FF FF 00 00 00 00 00 00
2024-12-06 17:04:51 - INFO - 接收: ID=0x704, 数据=05
2024-12-06 17:04:51 - INFO - 接收: ID=0x406, 数据=C0 00 5F 60 3B 00 E3 00
2024-12-06 17:04:51 - INFO - 接收: ID=0x502, 数据=D7 FF 00 00 00 00 00 00
2024-12-06 17:04:51 - ERROR - CAN通信错误: Could not read from serial device
2024-12-06 17:04:51 - INFO - 停止监控CAN总线
2024-12-06 17:04:51 - ERROR - Could not read from serial device
2024-12-06 17:07:03 - INFO - 开始扫描CAN节点
2024-12-06 17:07:03 - INFO - 节点扫描完成
